
*** Running vivado
    with args -log example_led_wrapper.vdi -applog -m64 -product Vivado -messageDb vivado.pb -mode batch -source example_led_wrapper.tcl -notrace


****** Vivado v2019.1 (64-bit)
  **** SW Build 2552052 on Fri May 24 14:47:09 MDT 2019
  **** IP Build 2548770 on Fri May 24 18:01:18 MDT 2019
    ** Copyright 1986-2019 Xilinx, Inc. All Rights Reserved.

source example_led_wrapper.tcl -notrace
INFO: [IP_Flow 19-234] Refreshing IP repositories
INFO: [IP_Flow 19-1704] No user IP repositories specified
INFO: [IP_Flow 19-2313] Loaded Vivado IP repository '/opt/vivado191/Vivado/2019.1/data/ip'.
add_files: Time (s): cpu = 00:00:06 ; elapsed = 00:00:06 . Memory (MB): peak = 1530.926 ; gain = 165.793 ; free physical = 1826 ; free virtual = 29663
Command: link_design -top example_led_wrapper -part xc7z020clg400-1
Design is defaulting to srcset: sources_1
Design is defaulting to constrset: constrs_1
INFO: [Device 21-403] Loading part xc7z020clg400-1
INFO: [Project 1-454] Reading design checkpoint '/home/veeyceey/Documents/workspace/github/AUK-V/vivado/AUK-V/AUK-V.srcs/sources_1/bd/example_led/ip/example_led_clk_wiz_0_1/example_led_clk_wiz_0_1.dcp' for cell 'example_led_i/clk_wiz_0'
INFO: [Project 1-454] Reading design checkpoint '/home/veeyceey/Documents/workspace/github/AUK-V/vivado/AUK-V/AUK-V.srcs/sources_1/bd/example_led/ip/example_led_ila_0_0/example_led_ila_0_0.dcp' for cell 'example_led_i/ila_0'
INFO: [Project 1-454] Reading design checkpoint '/home/veeyceey/Documents/workspace/github/AUK-V/vivado/AUK-V/AUK-V.srcs/sources_1/bd/example_led/ip/example_led_processing_system7_0_0/example_led_processing_system7_0_0.dcp' for cell 'example_led_i/processing_system7_0'
INFO: [Project 1-454] Reading design checkpoint '/home/veeyceey/Documents/workspace/github/AUK-V/vivado/AUK-V/AUK-V.srcs/sources_1/bd/example_led/ip/example_led_sciv_example_system_0_0/example_led_sciv_example_system_0_0.dcp' for cell 'example_led_i/sciv_example_system_0'
INFO: [Project 1-454] Reading design checkpoint '/home/veeyceey/Documents/workspace/github/AUK-V/vivado/AUK-V/AUK-V.srcs/sources_1/bd/example_led/ip/example_led_util_vector_logic_0_0/example_led_util_vector_logic_0_0.dcp' for cell 'example_led_i/util_vector_logic_0'
INFO: [Project 1-454] Reading design checkpoint '/home/veeyceey/Documents/workspace/github/AUK-V/vivado/AUK-V/AUK-V.srcs/sources_1/bd/example_led/ip/example_led_vio_0_0/example_led_vio_0_0.dcp' for cell 'example_led_i/vio_0'
INFO: [Netlist 29-17] Analyzing 466 Unisim elements for replacement
INFO: [Netlist 29-28] Unisim Transformation completed in 0 CPU seconds
INFO: [Project 1-479] Netlist was created with Vivado 2019.1
INFO: [Project 1-570] Preparing netlist for logic optimization
WARNING: [Opt 31-32] Removing redundant IBUF since it is not being driven by a top-level port. example_led_i/clk_wiz_0/inst/clkin1_ibufg 
Resolution: The tool has removed redundant IBUF. To resolve this warning, check for redundant IBUF in the input design.
WARNING: [Constraints 18-550] Could not create 'IBUF_LOW_PWR' constraint because net 'example_led_i/clk_wiz_0/clk_in1' is not directly connected to top level port. Synthesis is ignored for IBUF_LOW_PWR but preserved for implementation.
INFO: [Chipscope 16-324] Core: example_led_i/ila_0 UUID: a3a0fba2-a70f-50f8-8084-23738694a3bd 
INFO: [Chipscope 16-324] Core: example_led_i/vio_0 UUID: a0036888-bde9-574c-a371-719f735c6301 
Parsing XDC File [/home/veeyceey/Documents/workspace/github/AUK-V/vivado/AUK-V/AUK-V.srcs/sources_1/bd/example_led/ip/example_led_processing_system7_0_0/example_led_processing_system7_0_0.xdc] for cell 'example_led_i/processing_system7_0/inst'
Finished Parsing XDC File [/home/veeyceey/Documents/workspace/github/AUK-V/vivado/AUK-V/AUK-V.srcs/sources_1/bd/example_led/ip/example_led_processing_system7_0_0/example_led_processing_system7_0_0.xdc] for cell 'example_led_i/processing_system7_0/inst'
Parsing XDC File [/home/veeyceey/Documents/workspace/github/AUK-V/vivado/AUK-V/AUK-V.srcs/sources_1/bd/example_led/ip/example_led_ila_0_0/ila_v6_2/constraints/ila_impl.xdc] for cell 'example_led_i/ila_0/U0'
Finished Parsing XDC File [/home/veeyceey/Documents/workspace/github/AUK-V/vivado/AUK-V/AUK-V.srcs/sources_1/bd/example_led/ip/example_led_ila_0_0/ila_v6_2/constraints/ila_impl.xdc] for cell 'example_led_i/ila_0/U0'
Parsing XDC File [/home/veeyceey/Documents/workspace/github/AUK-V/vivado/AUK-V/AUK-V.srcs/sources_1/bd/example_led/ip/example_led_ila_0_0/ila_v6_2/constraints/ila.xdc] for cell 'example_led_i/ila_0/U0'
Finished Parsing XDC File [/home/veeyceey/Documents/workspace/github/AUK-V/vivado/AUK-V/AUK-V.srcs/sources_1/bd/example_led/ip/example_led_ila_0_0/ila_v6_2/constraints/ila.xdc] for cell 'example_led_i/ila_0/U0'
Parsing XDC File [/home/veeyceey/Documents/workspace/github/AUK-V/vivado/AUK-V/AUK-V.srcs/sources_1/bd/example_led/ip/example_led_clk_wiz_0_1/example_led_clk_wiz_0_1_board.xdc] for cell 'example_led_i/clk_wiz_0/inst'
Finished Parsing XDC File [/home/veeyceey/Documents/workspace/github/AUK-V/vivado/AUK-V/AUK-V.srcs/sources_1/bd/example_led/ip/example_led_clk_wiz_0_1/example_led_clk_wiz_0_1_board.xdc] for cell 'example_led_i/clk_wiz_0/inst'
Parsing XDC File [/home/veeyceey/Documents/workspace/github/AUK-V/vivado/AUK-V/AUK-V.srcs/sources_1/bd/example_led/ip/example_led_clk_wiz_0_1/example_led_clk_wiz_0_1.xdc] for cell 'example_led_i/clk_wiz_0/inst'
INFO: [Timing 38-35] Done setting XDC timing constraints. [/home/veeyceey/Documents/workspace/github/AUK-V/vivado/AUK-V/AUK-V.srcs/sources_1/bd/example_led/ip/example_led_clk_wiz_0_1/example_led_clk_wiz_0_1.xdc:57]
INFO: [Timing 38-2] Deriving generated clocks [/home/veeyceey/Documents/workspace/github/AUK-V/vivado/AUK-V/AUK-V.srcs/sources_1/bd/example_led/ip/example_led_clk_wiz_0_1/example_led_clk_wiz_0_1.xdc:57]
get_clocks: Time (s): cpu = 00:00:10 ; elapsed = 00:00:10 . Memory (MB): peak = 2379.980 ; gain = 537.828 ; free physical = 1114 ; free virtual = 28952
Finished Parsing XDC File [/home/veeyceey/Documents/workspace/github/AUK-V/vivado/AUK-V/AUK-V.srcs/sources_1/bd/example_led/ip/example_led_clk_wiz_0_1/example_led_clk_wiz_0_1.xdc] for cell 'example_led_i/clk_wiz_0/inst'
Parsing XDC File [/home/veeyceey/Documents/workspace/github/AUK-V/vivado/AUK-V/AUK-V.srcs/sources_1/bd/example_led/ip/example_led_vio_0_0/example_led_vio_0_0.xdc] for cell 'example_led_i/vio_0'
Finished Parsing XDC File [/home/veeyceey/Documents/workspace/github/AUK-V/vivado/AUK-V/AUK-V.srcs/sources_1/bd/example_led/ip/example_led_vio_0_0/example_led_vio_0_0.xdc] for cell 'example_led_i/vio_0'
Parsing XDC File [/home/veeyceey/Documents/workspace/github/AUK-V/boards/zturn/system.xdc]
Finished Parsing XDC File [/home/veeyceey/Documents/workspace/github/AUK-V/boards/zturn/system.xdc]
INFO: [Opt 31-138] Pushed 0 inverter(s) to 0 load pin(s).
Netlist sorting complete. Time (s): cpu = 00:00:00.01 ; elapsed = 00:00:00.01 . Memory (MB): peak = 2500.039 ; gain = 0.000 ; free physical = 1093 ; free virtual = 28957
INFO: [Project 1-111] Unisim Transformation Summary:
  A total of 36 instances were transformed.
  CFGLUT5 => CFGLUT5 (SRLC32E, SRL16E): 36 instances

20 Infos, 2 Warnings, 0 Critical Warnings and 0 Errors encountered.
link_design completed successfully
link_design: Time (s): cpu = 00:00:27 ; elapsed = 00:00:28 . Memory (MB): peak = 2500.039 ; gain = 969.113 ; free physical = 1093 ; free virtual = 28957
INFO: [Common 17-600] The following parameters have non-default value.
tcl.collectionResultDisplayLimit
Command: opt_design
Attempting to get a license for feature 'Implementation' and/or device 'xc7z020'
INFO: [Common 17-349] Got license for feature 'Implementation' and/or device 'xc7z020'
Running DRC as a precondition to command opt_design

Starting DRC Task
INFO: [DRC 23-27] Running DRC with 8 threads
INFO: [Project 1-461] DRC finished with 0 Errors
INFO: [Project 1-462] Please refer to the DRC report (report_drc) for more information.

Time (s): cpu = 00:00:02 ; elapsed = 00:00:01 . Memory (MB): peak = 2500.039 ; gain = 0.000 ; free physical = 1111 ; free virtual = 28954

Starting Cache Timing Information Task
INFO: [Timing 38-35] Done setting XDC timing constraints.
Ending Cache Timing Information Task | Checksum: 1ca3e5bad

Time (s): cpu = 00:00:00.54 ; elapsed = 00:00:00.19 . Memory (MB): peak = 2500.039 ; gain = 0.000 ; free physical = 1107 ; free virtual = 28950

Starting Logic Optimization Task

Phase 1 Generate And Synthesize Debug Cores
INFO: [Chipscope 16-329] Generating Script for core instance : dbg_hub 
INFO: [IP_Flow 19-3806] Processing IP xilinx.com:ip:xsdbm:3.0 for cell dbg_hub_CV.
INFO: [Chipscope 16-329] Generating Script for core instance : u_ila_0 
INFO: [IP_Flow 19-3806] Processing IP xilinx.com:ip:ila:6.2 for cell u_ila_0_CV.
INFO: [Chipscope 16-220] Re-using generated and synthesized IP, "xilinx.com:ip:xsdbm:3.0", from Vivado IP cache entry "fd728143fc11d381".
INFO: [Chipscope 16-220] Re-using generated and synthesized IP, "xilinx.com:ip:ila:6.2", from Vivado IP cache entry "58cd990c823eb2c8".
Netlist sorting complete. Time (s): cpu = 00:00:00.03 ; elapsed = 00:00:00.04 . Memory (MB): peak = 2587.527 ; gain = 0.000 ; free physical = 891 ; free virtual = 28745
Phase 1 Generate And Synthesize Debug Cores | Checksum: 20b77f2bb

Time (s): cpu = 00:00:28 ; elapsed = 00:00:28 . Memory (MB): peak = 2587.527 ; gain = 57.688 ; free physical = 891 ; free virtual = 28746

Phase 2 Retarget
INFO: [Opt 31-138] Pushed 1 inverter(s) to 1 load pin(s).
INFO: [Opt 31-49] Retargeted 0 cell(s).
Phase 2 Retarget | Checksum: 1c0d6eeb4

Time (s): cpu = 00:00:30 ; elapsed = 00:00:29 . Memory (MB): peak = 2587.527 ; gain = 57.688 ; free physical = 900 ; free virtual = 28754
INFO: [Opt 31-389] Phase Retarget created 40 cells and removed 74 cells
INFO: [Opt 31-1021] In phase Retarget, 86 netlist objects are constrained preventing optimization. Please run opt_design with -debug_log to get more detail. 

Phase 3 Constant propagation
INFO: [Opt 31-138] Pushed 0 inverter(s) to 0 load pin(s).
Phase 3 Constant propagation | Checksum: 14fc4eb69

Time (s): cpu = 00:00:30 ; elapsed = 00:00:29 . Memory (MB): peak = 2587.527 ; gain = 57.688 ; free physical = 900 ; free virtual = 28755
INFO: [Opt 31-389] Phase Constant propagation created 0 cells and removed 32 cells
INFO: [Opt 31-1021] In phase Constant propagation, 68 netlist objects are constrained preventing optimization. Please run opt_design with -debug_log to get more detail. 

Phase 4 Sweep
Phase 4 Sweep | Checksum: 133859ac8

Time (s): cpu = 00:00:30 ; elapsed = 00:00:30 . Memory (MB): peak = 2587.527 ; gain = 57.688 ; free physical = 898 ; free virtual = 28754
INFO: [Opt 31-389] Phase Sweep created 0 cells and removed 205 cells
INFO: [Opt 31-1021] In phase Sweep, 1613 netlist objects are constrained preventing optimization. Please run opt_design with -debug_log to get more detail. 

Phase 5 BUFG optimization
Phase 5 BUFG optimization | Checksum: 133859ac8

Time (s): cpu = 00:00:31 ; elapsed = 00:00:30 . Memory (MB): peak = 2587.527 ; gain = 57.688 ; free physical = 898 ; free virtual = 28754
INFO: [Opt 31-662] Phase BUFG optimization created 0 cells of which 0 are BUFGs and removed 0 cells.

Phase 6 Shift Register Optimization
INFO: [Opt 31-1064] SRL Remap converted 0 SRLs to 0 registers and converted 0 registers of register chains to 0 SRLs
Phase 6 Shift Register Optimization | Checksum: 133859ac8

Time (s): cpu = 00:00:31 ; elapsed = 00:00:30 . Memory (MB): peak = 2587.527 ; gain = 57.688 ; free physical = 890 ; free virtual = 28754
INFO: [Opt 31-389] Phase Shift Register Optimization created 0 cells and removed 0 cells

Phase 7 Post Processing Netlist
Phase 7 Post Processing Netlist | Checksum: 133859ac8

Time (s): cpu = 00:00:31 ; elapsed = 00:00:30 . Memory (MB): peak = 2587.527 ; gain = 57.688 ; free physical = 888 ; free virtual = 28751
INFO: [Opt 31-389] Phase Post Processing Netlist created 0 cells and removed 0 cells
INFO: [Opt 31-1021] In phase Post Processing Netlist, 61 netlist objects are constrained preventing optimization. Please run opt_design with -debug_log to get more detail. 
Opt_design Change Summary
=========================


-------------------------------------------------------------------------------------------------------------------------
|  Phase                        |  #Cells created  |  #Cells Removed  |  #Constrained objects preventing optimizations  |
-------------------------------------------------------------------------------------------------------------------------
|  Retarget                     |              40  |              74  |                                             86  |
|  Constant propagation         |               0  |              32  |                                             68  |
|  Sweep                        |               0  |             205  |                                           1613  |
|  BUFG optimization            |               0  |               0  |                                              0  |
|  Shift Register Optimization  |               0  |               0  |                                              0  |
|  Post Processing Netlist      |               0  |               0  |                                             61  |
-------------------------------------------------------------------------------------------------------------------------



Starting Connectivity Check Task

Time (s): cpu = 00:00:00.03 ; elapsed = 00:00:00.03 . Memory (MB): peak = 2587.527 ; gain = 0.000 ; free physical = 893 ; free virtual = 28756
Ending Logic Optimization Task | Checksum: 20359cb58

Time (s): cpu = 00:00:31 ; elapsed = 00:00:30 . Memory (MB): peak = 2587.527 ; gain = 57.688 ; free physical = 892 ; free virtual = 28756

Starting Power Optimization Task
INFO: [Pwropt 34-132] Skipping clock gating for clocks with a period < 2.00 ns.
INFO: [Timing 38-35] Done setting XDC timing constraints.
INFO: [Pwropt 34-9] Applying IDT optimizations ...
INFO: [Pwropt 34-10] Applying ODC optimizations ...
INFO: [Physopt 32-619] Estimated Timing Summary | WNS=27.898 | TNS=0.000 |
Running Vector-less Activity Propagation...

Finished Running Vector-less Activity Propagation


Starting PowerOpt Patch Enables Task
INFO: [Pwropt 34-162] WRITE_MODE attribute of 0 BRAM(s) out of a total of 3 has been updated to save power. Run report_power_opt to get a complete listing of the BRAMs updated.
INFO: [Pwropt 34-201] Structural ODC has moved 0 WE to EN ports
Number of BRAM Ports augmented: 3 newly gated: 0 Total Ports: 6
Ending PowerOpt Patch Enables Task | Checksum: 20a8601ba

Time (s): cpu = 00:00:00.06 ; elapsed = 00:00:00.07 . Memory (MB): peak = 2775.105 ; gain = 0.000 ; free physical = 885 ; free virtual = 28768
Ending Power Optimization Task | Checksum: 20a8601ba

Time (s): cpu = 00:00:07 ; elapsed = 00:00:03 . Memory (MB): peak = 2775.105 ; gain = 187.578 ; free physical = 893 ; free virtual = 28776

Starting Final Cleanup Task
Ending Final Cleanup Task | Checksum: 20a8601ba

Time (s): cpu = 00:00:00 ; elapsed = 00:00:00 . Memory (MB): peak = 2775.105 ; gain = 0.000 ; free physical = 893 ; free virtual = 28776

Starting Netlist Obfuscation Task
Netlist sorting complete. Time (s): cpu = 00:00:00 ; elapsed = 00:00:00.01 . Memory (MB): peak = 2775.105 ; gain = 0.000 ; free physical = 893 ; free virtual = 28776
Ending Netlist Obfuscation Task | Checksum: 1ec3080b1

Time (s): cpu = 00:00:00 ; elapsed = 00:00:00.01 . Memory (MB): peak = 2775.105 ; gain = 0.000 ; free physical = 893 ; free virtual = 28776
INFO: [Common 17-83] Releasing license: Implementation
60 Infos, 2 Warnings, 0 Critical Warnings and 0 Errors encountered.
opt_design completed successfully
opt_design: Time (s): cpu = 00:00:42 ; elapsed = 00:00:37 . Memory (MB): peak = 2775.105 ; gain = 275.066 ; free physical = 893 ; free virtual = 28776
INFO: [Common 17-600] The following parameters have non-default value.
tcl.collectionResultDisplayLimit
Netlist sorting complete. Time (s): cpu = 00:00:00 ; elapsed = 00:00:00 . Memory (MB): peak = 2775.105 ; gain = 0.000 ; free physical = 893 ; free virtual = 28776
INFO: [Timing 38-480] Writing timing data to binary archive.
Writing placer database...
Writing XDEF routing.
Writing XDEF routing logical nets.
Writing XDEF routing special nets.
Write XDEF Complete: Time (s): cpu = 00:00:00.13 ; elapsed = 00:00:00.03 . Memory (MB): peak = 2775.105 ; gain = 0.000 ; free physical = 889 ; free virtual = 28774
INFO: [Common 17-1381] The checkpoint '/home/veeyceey/Documents/workspace/github/AUK-V/vivado/AUK-V/AUK-V.runs/impl_1/example_led_wrapper_opt.dcp' has been generated.
INFO: [runtcl-4] Executing : report_drc -file example_led_wrapper_drc_opted.rpt -pb example_led_wrapper_drc_opted.pb -rpx example_led_wrapper_drc_opted.rpx
Command: report_drc -file example_led_wrapper_drc_opted.rpt -pb example_led_wrapper_drc_opted.pb -rpx example_led_wrapper_drc_opted.rpx
INFO: [IP_Flow 19-1839] IP Catalog is up to date.
INFO: [DRC 23-27] Running DRC with 8 threads
INFO: [Coretcl 2-168] The results of DRC are in file /home/veeyceey/Documents/workspace/github/AUK-V/vivado/AUK-V/AUK-V.runs/impl_1/example_led_wrapper_drc_opted.rpt.
report_drc completed successfully
INFO: [Chipscope 16-240] Debug cores have already been implemented
Command: place_design
Attempting to get a license for feature 'Implementation' and/or device 'xc7z020'
INFO: [Common 17-349] Got license for feature 'Implementation' and/or device 'xc7z020'
INFO: [DRC 23-27] Running DRC with 8 threads
INFO: [Vivado_Tcl 4-198] DRC finished with 0 Errors
INFO: [Vivado_Tcl 4-199] Please refer to the DRC report (report_drc) for more information.
Running DRC as a precondition to command place_design
INFO: [DRC 23-27] Running DRC with 8 threads
INFO: [Vivado_Tcl 4-198] DRC finished with 0 Errors
INFO: [Vivado_Tcl 4-199] Please refer to the DRC report (report_drc) for more information.

Starting Placer Task
INFO: [Place 30-611] Multithreading enabled for place_design using a maximum of 8 CPUs

Phase 1 Placer Initialization

Phase 1.1 Placer Initialization Netlist Sorting
Netlist sorting complete. Time (s): cpu = 00:00:00 ; elapsed = 00:00:00 . Memory (MB): peak = 2855.145 ; gain = 0.000 ; free physical = 898 ; free virtual = 28765
Phase 1.1 Placer Initialization Netlist Sorting | Checksum: 1b88334ca

Time (s): cpu = 00:00:00.01 ; elapsed = 00:00:00.02 . Memory (MB): peak = 2855.145 ; gain = 0.000 ; free physical = 898 ; free virtual = 28765
Netlist sorting complete. Time (s): cpu = 00:00:00 ; elapsed = 00:00:00 . Memory (MB): peak = 2855.145 ; gain = 0.000 ; free physical = 898 ; free virtual = 28766

Phase 1.2 IO Placement/ Clock Placement/ Build Placer Device
INFO: [Timing 38-35] Done setting XDC timing constraints.
Phase 1.2 IO Placement/ Clock Placement/ Build Placer Device | Checksum: df3cbdda

Time (s): cpu = 00:00:03 ; elapsed = 00:00:02 . Memory (MB): peak = 2855.145 ; gain = 0.000 ; free physical = 893 ; free virtual = 28760

Phase 1.3 Build Placer Netlist Model
Phase 1.3 Build Placer Netlist Model | Checksum: 143ae7d69

Time (s): cpu = 00:00:08 ; elapsed = 00:00:04 . Memory (MB): peak = 2855.145 ; gain = 0.000 ; free physical = 866 ; free virtual = 28724

Phase 1.4 Constrain Clocks/Macros
Phase 1.4 Constrain Clocks/Macros | Checksum: 143ae7d69

Time (s): cpu = 00:00:08 ; elapsed = 00:00:04 . Memory (MB): peak = 2855.145 ; gain = 0.000 ; free physical = 866 ; free virtual = 28724
Phase 1 Placer Initialization | Checksum: 143ae7d69

Time (s): cpu = 00:00:08 ; elapsed = 00:00:04 . Memory (MB): peak = 2855.145 ; gain = 0.000 ; free physical = 866 ; free virtual = 28724

Phase 2 Global Placement

Phase 2.1 Floorplanning
Phase 2.1 Floorplanning | Checksum: 18c03633b

Time (s): cpu = 00:00:11 ; elapsed = 00:00:05 . Memory (MB): peak = 2855.145 ; gain = 0.000 ; free physical = 815 ; free virtual = 28680

Phase 2.2 Global Placement Core

Phase 2.2.1 Physical Synthesis In Placer
INFO: [Physopt 32-65] No nets found for high-fanout optimization.
INFO: [Physopt 32-232] Optimized 0 net. Created 0 new instance.
INFO: [Physopt 32-775] End 1 Pass. Optimized 0 net or cell. Created 0 new cell, deleted 0 existing cell and moved 0 existing cell
INFO: [Physopt 32-670] No setup violation found.  DSP Register Optimization was not performed.
INFO: [Physopt 32-670] No setup violation found.  Shift Register Optimization was not performed.
INFO: [Physopt 32-670] No setup violation found.  BRAM Register Optimization was not performed.
INFO: [Physopt 32-949] No candidate nets found for HD net replication
INFO: [Physopt 32-775] End 1 Pass. Optimized 0 net or cell. Created 0 new cell, deleted 0 existing cell and moved 0 existing cell
Netlist sorting complete. Time (s): cpu = 00:00:00 ; elapsed = 00:00:00 . Memory (MB): peak = 2855.145 ; gain = 0.000 ; free physical = 838 ; free virtual = 28687

Summary of Physical Synthesis Optimizations
============================================


----------------------------------------------------------------------------------------------------------------------------------------
|  Optimization                  |  Added Cells  |  Removed Cells  |  Optimized Cells/Nets  |  Dont Touch  |  Iterations  |  Elapsed   |
----------------------------------------------------------------------------------------------------------------------------------------
|  Very High Fanout              |            0  |              0  |                     0  |           0  |           1  |  00:00:00  |
|  DSP Register                  |            0  |              0  |                     0  |           0  |           0  |  00:00:00  |
|  Shift Register                |            0  |              0  |                     0  |           0  |           0  |  00:00:00  |
|  BRAM Register                 |            0  |              0  |                     0  |           0  |           0  |  00:00:00  |
|  HD Interface Net Replication  |            0  |              0  |                     0  |           0  |           1  |  00:00:00  |
|  Total                         |            0  |              0  |                     0  |           0  |           2  |  00:00:00  |
----------------------------------------------------------------------------------------------------------------------------------------


Phase 2.2.1 Physical Synthesis In Placer | Checksum: 1a3aad94b

Time (s): cpu = 00:00:51 ; elapsed = 00:00:16 . Memory (MB): peak = 2855.145 ; gain = 0.000 ; free physical = 843 ; free virtual = 28691
Phase 2.2 Global Placement Core | Checksum: 140f78299

Time (s): cpu = 00:00:52 ; elapsed = 00:00:16 . Memory (MB): peak = 2855.145 ; gain = 0.000 ; free physical = 841 ; free virtual = 28689
Phase 2 Global Placement | Checksum: 140f78299

Time (s): cpu = 00:00:52 ; elapsed = 00:00:16 . Memory (MB): peak = 2855.145 ; gain = 0.000 ; free physical = 846 ; free virtual = 28694

Phase 3 Detail Placement

Phase 3.1 Commit Multi Column Macros
Phase 3.1 Commit Multi Column Macros | Checksum: 185627482

Time (s): cpu = 00:00:54 ; elapsed = 00:00:17 . Memory (MB): peak = 2855.145 ; gain = 0.000 ; free physical = 841 ; free virtual = 28692

Phase 3.2 Commit Most Macros & LUTRAMs
Phase 3.2 Commit Most Macros & LUTRAMs | Checksum: 18ac0a1fc

Time (s): cpu = 00:00:57 ; elapsed = 00:00:18 . Memory (MB): peak = 2855.145 ; gain = 0.000 ; free physical = 845 ; free virtual = 28692

Phase 3.3 Area Swap Optimization
Phase 3.3 Area Swap Optimization | Checksum: 19d6d396b

Time (s): cpu = 00:00:57 ; elapsed = 00:00:18 . Memory (MB): peak = 2855.145 ; gain = 0.000 ; free physical = 846 ; free virtual = 28694

Phase 3.4 Pipeline Register Optimization
Phase 3.4 Pipeline Register Optimization | Checksum: 120508ad1

Time (s): cpu = 00:00:57 ; elapsed = 00:00:18 . Memory (MB): peak = 2855.145 ; gain = 0.000 ; free physical = 846 ; free virtual = 28694

Phase 3.5 Small Shape Detail Placement
Phase 3.5 Small Shape Detail Placement | Checksum: 18029a67e

Time (s): cpu = 00:01:02 ; elapsed = 00:00:22 . Memory (MB): peak = 2855.145 ; gain = 0.000 ; free physical = 817 ; free virtual = 28683

Phase 3.6 Re-assign LUT pins
Phase 3.6 Re-assign LUT pins | Checksum: 1c3e9b1a9

Time (s): cpu = 00:01:03 ; elapsed = 00:00:23 . Memory (MB): peak = 2855.145 ; gain = 0.000 ; free physical = 797 ; free virtual = 28684

Phase 3.7 Pipeline Register Optimization
Phase 3.7 Pipeline Register Optimization | Checksum: 1d5aa8f50

Time (s): cpu = 00:01:03 ; elapsed = 00:00:23 . Memory (MB): peak = 2855.145 ; gain = 0.000 ; free physical = 796 ; free virtual = 28684
Phase 3 Detail Placement | Checksum: 1d5aa8f50

Time (s): cpu = 00:01:03 ; elapsed = 00:00:23 . Memory (MB): peak = 2855.145 ; gain = 0.000 ; free physical = 796 ; free virtual = 28684

Phase 4 Post Placement Optimization and Clean-Up

Phase 4.1 Post Commit Optimization
INFO: [Timing 38-35] Done setting XDC timing constraints.

Phase 4.1.1 Post Placement Optimization
Post Placement Optimization Initialization | Checksum: 150c1cd12

Phase 4.1.1.1 BUFG Insertion
INFO: [Place 46-33] Processed net example_led_i/util_vector_logic_0/Res[0], BUFG insertion was skipped due to placement/routing conflicts.
INFO: [Place 46-56] BUFG insertion identified 1 candidate nets. Inserted BUFG: 0, Replicated BUFG Driver: 0, Skipped due to Placement/Routing Conflicts: 1, Skipped due to Timing Degradation: 0, Skipped due to Illegal Netlist: 0.
Phase 4.1.1.1 BUFG Insertion | Checksum: 150c1cd12

Time (s): cpu = 00:01:08 ; elapsed = 00:00:24 . Memory (MB): peak = 2855.145 ; gain = 0.000 ; free physical = 795 ; free virtual = 28682
INFO: [Place 30-746] Post Placement Timing Summary WNS=28.020. For the most accurate timing information please run report_timing.
Phase 4.1.1 Post Placement Optimization | Checksum: 17552134d

Time (s): cpu = 00:01:08 ; elapsed = 00:00:24 . Memory (MB): peak = 2855.145 ; gain = 0.000 ; free physical = 795 ; free virtual = 28682
Phase 4.1 Post Commit Optimization | Checksum: 17552134d

Time (s): cpu = 00:01:08 ; elapsed = 00:00:24 . Memory (MB): peak = 2855.145 ; gain = 0.000 ; free physical = 795 ; free virtual = 28682

Phase 4.2 Post Placement Cleanup
Phase 4.2 Post Placement Cleanup | Checksum: 17552134d

Time (s): cpu = 00:01:08 ; elapsed = 00:00:24 . Memory (MB): peak = 2855.145 ; gain = 0.000 ; free physical = 796 ; free virtual = 28682

Phase 4.3 Placer Reporting
Phase 4.3 Placer Reporting | Checksum: 17552134d

Time (s): cpu = 00:01:08 ; elapsed = 00:00:24 . Memory (MB): peak = 2855.145 ; gain = 0.000 ; free physical = 796 ; free virtual = 28682

Phase 4.4 Final Placement Cleanup
Netlist sorting complete. Time (s): cpu = 00:00:00.01 ; elapsed = 00:00:00.01 . Memory (MB): peak = 2855.145 ; gain = 0.000 ; free physical = 797 ; free virtual = 28683
Phase 4.4 Final Placement Cleanup | Checksum: 20d6f2382

Time (s): cpu = 00:01:08 ; elapsed = 00:00:25 . Memory (MB): peak = 2855.145 ; gain = 0.000 ; free physical = 797 ; free virtual = 28683
Phase 4 Post Placement Optimization and Clean-Up | Checksum: 20d6f2382

Time (s): cpu = 00:01:08 ; elapsed = 00:00:25 . Memory (MB): peak = 2855.145 ; gain = 0.000 ; free physical = 795 ; free virtual = 28682
Ending Placer Task | Checksum: 1df3c210a

Time (s): cpu = 00:01:08 ; elapsed = 00:00:25 . Memory (MB): peak = 2855.145 ; gain = 0.000 ; free physical = 795 ; free virtual = 28682
INFO: [Common 17-83] Releasing license: Implementation
90 Infos, 2 Warnings, 0 Critical Warnings and 0 Errors encountered.
place_design completed successfully
place_design: Time (s): cpu = 00:01:12 ; elapsed = 00:00:27 . Memory (MB): peak = 2855.145 ; gain = 0.000 ; free physical = 814 ; free virtual = 28701
Netlist sorting complete. Time (s): cpu = 00:00:00 ; elapsed = 00:00:00 . Memory (MB): peak = 2855.145 ; gain = 0.000 ; free physical = 814 ; free virtual = 28701
INFO: [Timing 38-480] Writing timing data to binary archive.
Writing placer database...
Writing XDEF routing.
Writing XDEF routing logical nets.
Writing XDEF routing special nets.
Write XDEF Complete: Time (s): cpu = 00:00:02 ; elapsed = 00:00:00.65 . Memory (MB): peak = 2855.145 ; gain = 0.000 ; free physical = 785 ; free virtual = 28690
INFO: [Common 17-1381] The checkpoint '/home/veeyceey/Documents/workspace/github/AUK-V/vivado/AUK-V/AUK-V.runs/impl_1/example_led_wrapper_placed.dcp' has been generated.
INFO: [runtcl-4] Executing : report_io -file example_led_wrapper_io_placed.rpt
report_io: Time (s): cpu = 00:00:00.20 ; elapsed = 00:00:00.26 . Memory (MB): peak = 2855.145 ; gain = 0.000 ; free physical = 786 ; free virtual = 28687
INFO: [runtcl-4] Executing : report_utilization -file example_led_wrapper_utilization_placed.rpt -pb example_led_wrapper_utilization_placed.pb
INFO: [runtcl-4] Executing : report_control_sets -verbose -file example_led_wrapper_control_sets_placed.rpt
report_control_sets: Time (s): cpu = 00:00:00.32 ; elapsed = 00:00:00.39 . Memory (MB): peak = 2855.145 ; gain = 0.000 ; free physical = 794 ; free virtual = 28696
Command: phys_opt_design
Attempting to get a license for feature 'Implementation' and/or device 'xc7z020'
INFO: [Common 17-349] Got license for feature 'Implementation' and/or device 'xc7z020'
INFO: [Vivado_Tcl 4-383] Design worst setup slack (WNS) is greater than or equal to 0.250 ns. Skipping all physical synthesis optimizations.
INFO: [Vivado_Tcl 4-232] No setup violation found. The netlist was not modified.
INFO: [Common 17-83] Releasing license: Implementation
99 Infos, 2 Warnings, 0 Critical Warnings and 0 Errors encountered.
phys_opt_design completed successfully
Netlist sorting complete. Time (s): cpu = 00:00:00 ; elapsed = 00:00:00 . Memory (MB): peak = 2855.145 ; gain = 0.000 ; free physical = 764 ; free virtual = 28666
INFO: [Timing 38-480] Writing timing data to binary archive.
Writing placer database...
Writing XDEF routing.
Writing XDEF routing logical nets.
Writing XDEF routing special nets.
Write XDEF Complete: Time (s): cpu = 00:00:02 ; elapsed = 00:00:00.69 . Memory (MB): peak = 2855.145 ; gain = 0.000 ; free physical = 741 ; free virtual = 28656
INFO: [Common 17-1381] The checkpoint '/home/veeyceey/Documents/workspace/github/AUK-V/vivado/AUK-V/AUK-V.runs/impl_1/example_led_wrapper_physopt.dcp' has been generated.
Command: route_design
Attempting to get a license for feature 'Implementation' and/or device 'xc7z020'
INFO: [Common 17-349] Got license for feature 'Implementation' and/or device 'xc7z020'
Running DRC as a precondition to command route_design
INFO: [DRC 23-27] Running DRC with 8 threads
INFO: [Vivado_Tcl 4-198] DRC finished with 0 Errors
INFO: [Vivado_Tcl 4-199] Please refer to the DRC report (report_drc) for more information.


Starting Routing Task
INFO: [Route 35-254] Multithreading enabled for route_design using a maximum of 8 CPUs
Checksum: PlaceDB: fa10b41b ConstDB: 0 ShapeSum: e52b6cef RouteDB: 0

Phase 1 Build RT Design
Phase 1 Build RT Design | Checksum: e4cd4dd7

Time (s): cpu = 00:00:30 ; elapsed = 00:00:23 . Memory (MB): peak = 2855.145 ; gain = 0.000 ; free physical = 779 ; free virtual = 28623
Post Restoration Checksum: NetGraph: 8d6a7507 NumContArr: 5762d8d0 Constraints: 0 Timing: 0

Phase 2 Router Initialization

Phase 2.1 Create Timer
Phase 2.1 Create Timer | Checksum: e4cd4dd7

Time (s): cpu = 00:00:30 ; elapsed = 00:00:24 . Memory (MB): peak = 2855.145 ; gain = 0.000 ; free physical = 781 ; free virtual = 28625

Phase 2.2 Fix Topology Constraints
Phase 2.2 Fix Topology Constraints | Checksum: e4cd4dd7

Time (s): cpu = 00:00:30 ; elapsed = 00:00:24 . Memory (MB): peak = 2855.145 ; gain = 0.000 ; free physical = 746 ; free virtual = 28590

Phase 2.3 Pre Route Cleanup
Phase 2.3 Pre Route Cleanup | Checksum: e4cd4dd7

Time (s): cpu = 00:00:30 ; elapsed = 00:00:24 . Memory (MB): peak = 2855.145 ; gain = 0.000 ; free physical = 746 ; free virtual = 28590
 Number of Nodes with overlaps = 0

Phase 2.4 Update Timing
Phase 2.4 Update Timing | Checksum: 15c7ed9c3

Time (s): cpu = 00:00:36 ; elapsed = 00:00:26 . Memory (MB): peak = 2855.145 ; gain = 0.000 ; free physical = 730 ; free virtual = 28573
INFO: [Route 35-416] Intermediate Timing Summary | WNS=28.069 | TNS=0.000  | WHS=-0.188 | THS=-137.040|


Phase 2.5 Update Timing for Bus Skew

Phase 2.5.1 Update Timing
Phase 2.5.1 Update Timing | Checksum: 17b12eab4

Time (s): cpu = 00:00:40 ; elapsed = 00:00:27 . Memory (MB): peak = 2855.145 ; gain = 0.000 ; free physical = 733 ; free virtual = 28574
INFO: [Route 35-416] Intermediate Timing Summary | WNS=28.069 | TNS=0.000  | WHS=N/A    | THS=N/A    |

Phase 2.5 Update Timing for Bus Skew | Checksum: 1b4e6b43d

Time (s): cpu = 00:00:40 ; elapsed = 00:00:27 . Memory (MB): peak = 2855.145 ; gain = 0.000 ; free physical = 733 ; free virtual = 28574
Phase 2 Router Initialization | Checksum: 197e7349e

Time (s): cpu = 00:00:40 ; elapsed = 00:00:27 . Memory (MB): peak = 2855.145 ; gain = 0.000 ; free physical = 733 ; free virtual = 28574

Router Utilization Summary
  Global Vertical Routing Utilization    = 0.000103552 %
  Global Horizontal Routing Utilization  = 0.000169033 %
  Routable Net Status*
  *Does not include unroutable nets such as driverless and loadless.
  Run report_route_status for detailed report.
  Number of Failed Nets               = 8527
    (Failed Nets is the sum of unrouted and partially routed nets)
  Number of Unrouted Nets             = 8526
  Number of Partially Routed Nets     = 1
  Number of Node Overlaps             = 2


Phase 3 Initial Routing
Phase 3 Initial Routing | Checksum: 2ada7bff6

Time (s): cpu = 00:00:43 ; elapsed = 00:00:28 . Memory (MB): peak = 2855.145 ; gain = 0.000 ; free physical = 732 ; free virtual = 28570

Phase 4 Rip-up And Reroute

Phase 4.1 Global Iteration 0
 Number of Nodes with overlaps = 811
 Number of Nodes with overlaps = 19
 Number of Nodes with overlaps = 0
INFO: [Route 35-416] Intermediate Timing Summary | WNS=26.901 | TNS=0.000  | WHS=N/A    | THS=N/A    |

Phase 4.1 Global Iteration 0 | Checksum: 1e54d13fc

Time (s): cpu = 00:00:50 ; elapsed = 00:00:30 . Memory (MB): peak = 2855.145 ; gain = 0.000 ; free physical = 722 ; free virtual = 28568

Phase 4.2 Global Iteration 1
 Number of Nodes with overlaps = 0
INFO: [Route 35-416] Intermediate Timing Summary | WNS=26.901 | TNS=0.000  | WHS=N/A    | THS=N/A    |

Phase 4.2 Global Iteration 1 | Checksum: 1eab204b4

Time (s): cpu = 00:00:51 ; elapsed = 00:00:31 . Memory (MB): peak = 2855.145 ; gain = 0.000 ; free physical = 723 ; free virtual = 28569
Phase 4 Rip-up And Reroute | Checksum: 1eab204b4

Time (s): cpu = 00:00:51 ; elapsed = 00:00:31 . Memory (MB): peak = 2855.145 ; gain = 0.000 ; free physical = 723 ; free virtual = 28569

Phase 5 Delay and Skew Optimization

Phase 5.1 Delay CleanUp

Phase 5.1.1 Update Timing
Phase 5.1.1 Update Timing | Checksum: 1ce6b50c5

Time (s): cpu = 00:00:52 ; elapsed = 00:00:31 . Memory (MB): peak = 2855.145 ; gain = 0.000 ; free physical = 723 ; free virtual = 28567
INFO: [Route 35-416] Intermediate Timing Summary | WNS=27.016 | TNS=0.000  | WHS=N/A    | THS=N/A    |

Phase 5.1 Delay CleanUp | Checksum: 17f2dfdd0

Time (s): cpu = 00:00:52 ; elapsed = 00:00:31 . Memory (MB): peak = 2855.145 ; gain = 0.000 ; free physical = 723 ; free virtual = 28567

Phase 5.2 Clock Skew Optimization
Phase 5.2 Clock Skew Optimization | Checksum: 17f2dfdd0

Time (s): cpu = 00:00:52 ; elapsed = 00:00:31 . Memory (MB): peak = 2855.145 ; gain = 0.000 ; free physical = 723 ; free virtual = 28567
Phase 5 Delay and Skew Optimization | Checksum: 17f2dfdd0

Time (s): cpu = 00:00:52 ; elapsed = 00:00:31 . Memory (MB): peak = 2855.145 ; gain = 0.000 ; free physical = 723 ; free virtual = 28567

Phase 6 Post Hold Fix

Phase 6.1 Hold Fix Iter

Phase 6.1.1 Update Timing
Phase 6.1.1 Update Timing | Checksum: 269667821

Time (s): cpu = 00:00:53 ; elapsed = 00:00:31 . Memory (MB): peak = 2855.145 ; gain = 0.000 ; free physical = 723 ; free virtual = 28567
INFO: [Route 35-416] Intermediate Timing Summary | WNS=27.016 | TNS=0.000  | WHS=0.024  | THS=0.000  |

Phase 6.1 Hold Fix Iter | Checksum: 1e64c96c0

Time (s): cpu = 00:00:53 ; elapsed = 00:00:31 . Memory (MB): peak = 2855.145 ; gain = 0.000 ; free physical = 723 ; free virtual = 28567
Phase 6 Post Hold Fix | Checksum: 1e64c96c0

Time (s): cpu = 00:00:53 ; elapsed = 00:00:31 . Memory (MB): peak = 2855.145 ; gain = 0.000 ; free physical = 723 ; free virtual = 28567

Phase 7 Route finalize

Router Utilization Summary
  Global Vertical Routing Utilization    = 1.34193 %
  Global Horizontal Routing Utilization  = 1.89157 %
  Routable Net Status*
  *Does not include unroutable nets such as driverless and loadless.
  Run report_route_status for detailed report.
  Number of Failed Nets               = 0
    (Failed Nets is the sum of unrouted and partially routed nets)
  Number of Unrouted Nets             = 0
  Number of Partially Routed Nets     = 0
  Number of Node Overlaps             = 0

Phase 7 Route finalize | Checksum: 1a2647932

Time (s): cpu = 00:00:53 ; elapsed = 00:00:32 . Memory (MB): peak = 2855.145 ; gain = 0.000 ; free physical = 722 ; free virtual = 28567

Phase 8 Verifying routed nets

 Verification completed successfully
Phase 8 Verifying routed nets | Checksum: 1a2647932

Time (s): cpu = 00:00:53 ; elapsed = 00:00:32 . Memory (MB): peak = 2855.145 ; gain = 0.000 ; free physical = 722 ; free virtual = 28566

Phase 9 Depositing Routes
Phase 9 Depositing Routes | Checksum: 17aa3ba44

Time (s): cpu = 00:00:54 ; elapsed = 00:00:33 . Memory (MB): peak = 2855.145 ; gain = 0.000 ; free physical = 722 ; free virtual = 28566

Phase 10 Post Router Timing
INFO: [Route 35-57] Estimated Timing Summary | WNS=27.016 | TNS=0.000  | WHS=0.024  | THS=0.000  |

INFO: [Route 35-327] The final timing numbers are based on the router estimated timing analysis. For a complete and accurate timing signoff, please run report_timing_summary.
Phase 10 Post Router Timing | Checksum: 17aa3ba44

Time (s): cpu = 00:00:54 ; elapsed = 00:00:33 . Memory (MB): peak = 2855.145 ; gain = 0.000 ; free physical = 723 ; free virtual = 28567
INFO: [Route 35-16] Router Completed Successfully

Time (s): cpu = 00:00:54 ; elapsed = 00:00:33 . Memory (MB): peak = 2855.145 ; gain = 0.000 ; free physical = 761 ; free virtual = 28605

Routing Is Done.
INFO: [Common 17-83] Releasing license: Implementation
116 Infos, 2 Warnings, 0 Critical Warnings and 0 Errors encountered.
route_design completed successfully
route_design: Time (s): cpu = 00:00:59 ; elapsed = 00:00:35 . Memory (MB): peak = 2855.145 ; gain = 0.000 ; free physical = 761 ; free virtual = 28605
Netlist sorting complete. Time (s): cpu = 00:00:00.01 ; elapsed = 00:00:00.01 . Memory (MB): peak = 2855.145 ; gain = 0.000 ; free physical = 761 ; free virtual = 28605
INFO: [Timing 38-480] Writing timing data to binary archive.
Writing placer database...
Writing XDEF routing.
Writing XDEF routing logical nets.
Writing XDEF routing special nets.
Write XDEF Complete: Time (s): cpu = 00:00:02 ; elapsed = 00:00:00.74 . Memory (MB): peak = 2855.145 ; gain = 0.000 ; free physical = 736 ; free virtual = 28598
INFO: [Common 17-1381] The checkpoint '/home/veeyceey/Documents/workspace/github/AUK-V/vivado/AUK-V/AUK-V.runs/impl_1/example_led_wrapper_routed.dcp' has been generated.
INFO: [runtcl-4] Executing : report_drc -file example_led_wrapper_drc_routed.rpt -pb example_led_wrapper_drc_routed.pb -rpx example_led_wrapper_drc_routed.rpx
Command: report_drc -file example_led_wrapper_drc_routed.rpt -pb example_led_wrapper_drc_routed.pb -rpx example_led_wrapper_drc_routed.rpx
INFO: [IP_Flow 19-1839] IP Catalog is up to date.
INFO: [DRC 23-27] Running DRC with 8 threads
INFO: [Coretcl 2-168] The results of DRC are in file /home/veeyceey/Documents/workspace/github/AUK-V/vivado/AUK-V/AUK-V.runs/impl_1/example_led_wrapper_drc_routed.rpt.
report_drc completed successfully
INFO: [runtcl-4] Executing : report_methodology -file example_led_wrapper_methodology_drc_routed.rpt -pb example_led_wrapper_methodology_drc_routed.pb -rpx example_led_wrapper_methodology_drc_routed.rpx
Command: report_methodology -file example_led_wrapper_methodology_drc_routed.rpt -pb example_led_wrapper_methodology_drc_routed.pb -rpx example_led_wrapper_methodology_drc_routed.rpx
INFO: [Timing 38-35] Done setting XDC timing constraints.
INFO: [DRC 23-133] Running Methodology with 8 threads
INFO: [Coretcl 2-1520] The results of Report Methodology are in file /home/veeyceey/Documents/workspace/github/AUK-V/vivado/AUK-V/AUK-V.runs/impl_1/example_led_wrapper_methodology_drc_routed.rpt.
report_methodology completed successfully
INFO: [runtcl-4] Executing : report_power -file example_led_wrapper_power_routed.rpt -pb example_led_wrapper_power_summary_routed.pb -rpx example_led_wrapper_power_routed.rpx
Command: report_power -file example_led_wrapper_power_routed.rpt -pb example_led_wrapper_power_summary_routed.pb -rpx example_led_wrapper_power_routed.rpx
INFO: [Timing 38-35] Done setting XDC timing constraints.
Running Vector-less Activity Propagation...

Finished Running Vector-less Activity Propagation
WARNING: [Power 33-332] Found switching activity that implies high-fanout reset nets being asserted for excessive periods of time which may result in inaccurate power analysis.
Resolution: To review and fix problems, please run Power Constraints Advisor in the GUI from Tools > Power Constraints Advisor or run report_power with the -advisory option to generate a text report.
128 Infos, 3 Warnings, 0 Critical Warnings and 0 Errors encountered.
report_power completed successfully
INFO: [runtcl-4] Executing : report_route_status -file example_led_wrapper_route_status.rpt -pb example_led_wrapper_route_status.pb
INFO: [runtcl-4] Executing : report_timing_summary -max_paths 10 -file example_led_wrapper_timing_summary_routed.rpt -pb example_led_wrapper_timing_summary_routed.pb -rpx example_led_wrapper_timing_summary_routed.rpx -warn_on_violation 
INFO: [Timing 38-91] UpdateTimingParams: Speed grade: -1, Delay Type: min_max.
INFO: [Timing 38-191] Multithreading enabled for timing update using a maximum of 8 CPUs
WARNING: [Timing 38-436] There are set_bus_skew constraint(s) in this design. Please run report_bus_skew to ensure that bus skew requirements are met.
INFO: [runtcl-4] Executing : report_incremental_reuse -file example_led_wrapper_incremental_reuse_routed.rpt
INFO: [Vivado_Tcl 4-1062] Incremental flow is disabled. No incremental reuse Info to report.
INFO: [runtcl-4] Executing : report_clock_utilization -file example_led_wrapper_clock_utilization_routed.rpt
INFO: [runtcl-4] Executing : report_bus_skew -warn_on_violation -file example_led_wrapper_bus_skew_routed.rpt -pb example_led_wrapper_bus_skew_routed.pb -rpx example_led_wrapper_bus_skew_routed.rpx
INFO: [Timing 38-91] UpdateTimingParams: Speed grade: -1, Delay Type: min_max.
INFO: [Timing 38-191] Multithreading enabled for timing update using a maximum of 8 CPUs
Command: write_bitstream -force example_led_wrapper.bit
Attempting to get a license for feature 'Implementation' and/or device 'xc7z020'
INFO: [Common 17-349] Got license for feature 'Implementation' and/or device 'xc7z020'
Running DRC as a precondition to command write_bitstream
INFO: [IP_Flow 19-1839] IP Catalog is up to date.
INFO: [DRC 23-27] Running DRC with 8 threads
WARNING: [DRC PDRC-153] Gated clock check: Net example_led_i/sciv_example_system_0/U0/SC0/SC0/DE0/DU0/o_br_type_reg[0]_0 is a gated clock net sourced by a combinational pin example_led_i/sciv_example_system_0/U0/SC0/SC0/DE0/DU0/cmp_result_reg_i_2/O, cell example_led_i/sciv_example_system_0/U0/SC0/SC0/DE0/DU0/cmp_result_reg_i_2. This is not good design practice and will likely impact performance. For SLICE registers, for example, use the CE pin to control the loading of data.
WARNING: [DRC RTSTAT-10] No routable loads: 31 net(s) have no routable loads. The problem bus(es) and/or net(s) are dbg_hub/inst/BSCANID.u_xsdbm_id/CORE_XSDB.UUT_MASTER/U_ICON_INTERFACE/U_CMD6_RD/U_RD_FIFO/SUBCORE_FIFO.xsdbm_v3_0_0_rdfifo_inst/inst_fifo_gen/gconvfifo.rf/grf.rf/gntv_or_sync_fifo.gl0.rd/gr1.gr1_int.rfwft/aempty_fwft_i, dbg_hub/inst/BSCANID.u_xsdbm_id/CORE_XSDB.UUT_MASTER/U_ICON_INTERFACE/U_CMD7_CTL/ctl_reg[2:0], dbg_hub/inst/BSCANID.u_xsdbm_id/CORE_XSDB.UUT_MASTER/U_ICON_INTERFACE/U_CMD1/ctl_reg_en_2[1], dbg_hub/inst/BSCANID.u_xsdbm_id/CORE_XSDB.UUT_MASTER/U_ICON_INTERFACE/U_CMD7_CTL/ctl_reg_en_2[1], dbg_hub/inst/BSCANID.u_xsdbm_id/SWITCH_N_EXT_BSCAN.bscan_switch/m_bscan_capture[0], dbg_hub/inst/BSCANID.u_xsdbm_id/SWITCH_N_EXT_BSCAN.bscan_switch/m_bscan_drck[0], dbg_hub/inst/BSCANID.u_xsdbm_id/SWITCH_N_EXT_BSCAN.bscan_switch/m_bscan_runtest[0], dbg_hub/inst/BSCANID.u_xsdbm_id/CORE_XSDB.UUT_MASTER/U_ICON_INTERFACE/U_CMD6_RD/U_RD_FIFO/SUBCORE_FIFO.xsdbm_v3_0_0_rdfifo_inst/inst_fifo_gen/gconvfifo.rf/grf.rf/gntv_or_sync_fifo.gl0.wr/gwhf.whf/overflow, dbg_hub/inst/BSCANID.u_xsdbm_id/CORE_XSDB.UUT_MASTER/U_ICON_INTERFACE/U_CMD6_WR/U_WR_FIFO/SUBCORE_FIFO.xsdbm_v3_0_0_wrfifo_inst/inst_fifo_gen/gconvfifo.rf/grf.rf/gntv_or_sync_fifo.gl0.wr/gwhf.whf/overflow, dbg_hub/inst/BSCANID.u_xsdbm_id/CORE_XSDB.UUT_MASTER/U_ICON_INTERFACE/U_CMD6_RD/U_RD_FIFO/SUBCORE_FIFO.xsdbm_v3_0_0_rdfifo_inst/inst_fifo_gen/gconvfifo.rf/grf.rf/gntv_or_sync_fifo.gl0.rd/gras.rsts/ram_empty_i, dbg_hub/inst/BSCANID.u_xsdbm_id/CORE_XSDB.UUT_MASTER/U_ICON_INTERFACE/U_CMD6_WR/U_WR_FIFO/SUBCORE_FIFO.xsdbm_v3_0_0_wrfifo_inst/inst_fifo_gen/gconvfifo.rf/grf.rf/gntv_or_sync_fifo.gl0.wr/gwas.wsts/ram_full_i, dbg_hub/inst/BSCANID.u_xsdbm_id/CORE_XSDB.UUT_MASTER/U_ICON_INTERFACE/U_CMD6_WR/U_WR_FIFO/SUBCORE_FIFO.xsdbm_v3_0_0_wrfifo_inst/inst_fifo_gen/gconvfifo.rf/grf.rf/rstblk/rd_rst_reg[0], dbg_hub/inst/BSCANID.u_xsdbm_id/SWITCH_N_EXT_BSCAN.bscan_inst/s_bscan_tms, example_led_i/ila_0/U0/ila_core_inst/u_ila_regs/U_XSDB_SLAVE/s_daddr_o[13], u_ila_0/inst/ila_core_inst/u_ila_regs/U_XSDB_SLAVE/s_daddr_o[13]... and (the first 15 of 29 listed).
INFO: [Vivado 12-3199] DRC finished with 0 Errors, 2 Warnings
INFO: [Vivado 12-3200] Please refer to the DRC report (report_drc) for more information.
INFO: [Designutils 20-2272] Running write_bitstream with 8 threads.
Loading data files...
Loading site data...
Loading route data...
Processing options...
Creating bitmap...
Creating bitstream...
Writing bitstream ./example_led_wrapper.bit...
INFO: [Vivado 12-1842] Bitgen Completed Successfully.
INFO: [Project 1-120] WebTalk data collection is mandatory when using a WebPACK part without a full Vivado license. To see the specific WebTalk data collected for your design, open the usage_statistics_webtalk.html or usage_statistics_webtalk.xml file in the implementation directory.
INFO: [Common 17-83] Releasing license: Implementation
147 Infos, 6 Warnings, 0 Critical Warnings and 0 Errors encountered.
write_bitstream completed successfully
write_bitstream: Time (s): cpu = 00:00:28 ; elapsed = 00:00:27 . Memory (MB): peak = 3209.410 ; gain = 228.879 ; free physical = 699 ; free virtual = 28549
INFO: [Common 17-206] Exiting Vivado at Fri Sep  4 09:02:28 2020...
