#
# An unexpected error has occurred (11)
#
Stack:
/opt/vivado191/Vivado/2019.1/tps/lnx64/jre9.0.4/lib//server/libjvm.so(+0xb6aadb) [0x7feb1b679adb]
/opt/vivado191/Vivado/2019.1/tps/lnx64/jre9.0.4/lib//server/libjvm.so(JVM_handle_linux_signal+0xbb) [0x7feb1b67ee1b]
/opt/vivado191/Vivado/2019.1/tps/lnx64/jre9.0.4/lib//server/libjvm.so(+0xb647b8) [0x7feb1b6737b8]
/lib/x86_64-linux-gnu/libc.so.6(+0x46210) [0x7feb622bf210]
/opt/vivado191/Vivado/2019.1/lib/lnx64.o/librdi_simbridge_kernel.so(SimBridge::CArray::empty() const+0) [0x7feb214a57b0]
/opt/vivado191/Vivado/2019.1/lib/lnx64.o/librdi_simbridge_kernel.so(SimBridge::WdbEventBlock::addBlock(SimBridge::WdbIBlockManager&, unsigned int&) const+0x1e) [0x7feb214a5e8e]
/opt/vivado191/Vivado/2019.1/lib/lnx64.o/librdi_simbridge_kernel.so(SimBridge::WdbMultipleBucketEventDatabase::getEventBlockDatabaseIterator(std::vector<SimBridge::WdbScalarBTree*, std::allocator<SimBridge::WdbScalarBTree*> > const&, std::vector<boost::shared_ptr<SimBridge::WdbIEventBlockIterator>, std::allocator<boost::shared_ptr<SimBridge::WdbIEventBlockIterator> > >&, std::vector<std::vector<SimBridge::WdbScalarBTree*, std::allocator<SimBridge::WdbScalarBTree*> >, std::allocator<std::vector<SimBridge::WdbScalarBTree*, std::allocator<SimBridge::WdbScalarBTree*> > > >&) const+0x691) [0x7feb214bf391]
/opt/vivado191/Vivado/2019.1/lib/lnx64.o/librdi_simbridge_kernel.so(SimBridge::WdbAddressBTreeManager::scanWdbDatabaseMultiThread(std::vector<SimBridge::WdbScalarBTree*, std::allocator<SimBridge::WdbScalarBTree*> > const&, ISIM::IGuiStatus*)+0xc4) [0x7feb2149ce14]
/opt/vivado191/Vivado/2019.1/lib/lnx64.o/librdi_wavedata.so(SimBridge::DataObjMgr::createDrawingBTree(std::vector<SimBridge::IDataObj const*, std::allocator<SimBridge::IDataObj const*> > const&, ISIM::IGuiStatus*, bool)+0x32a) [0x7feb2a33a23a]
/opt/vivado191/Vivado/2019.1/lib/lnx64.o/librdi_wavedata.so(+0x2d9342) [0x7feb2a3f4342]
/opt/vivado191/Vivado/2019.1/lib/lnx64.o/librdi_wavedata.so(+0x2d95ec) [0x7feb2a3f45ec]
/opt/vivado191/Vivado/2019.1/lib/lnx64.o/librdi_wavedata.so(SG_Model::SGBuilderImp::addDataObj(SG_Model::WVDataObject*, std::__cxx11::basic_string<char, std::char_traits<char>, std::allocator<char> > const&, int)+0x1b9) [0x7feb2a3bf9d9]
/opt/vivado191/Vivado/2019.1/lib/lnx64.o/librdi_wavedata.so(SG_Model::SGBuilder::processStartElement(std::__cxx11::basic_string<char, std::char_traits<char>, std::allocator<char> > const&, xercesc_3_1::AttributeList*)+0x699) [0x7feb2a3c08d9]
/opt/vivado191/Vivado/2019.1/lib/lnx64.o/librdi_wavedata.so(SG_Model::SAXHandlers::startElement(unsigned short const*, xercesc_3_1::AttributeList&)+0x131) [0x7feb2a3f77e1]
/opt/vivado191/Vivado/2019.1/lib/lnx64.o/libxerces-c-3.1.so(xercesc_3_1::SAXParser::startElement(xercesc_3_1::XMLElementDecl const&, unsigned int, unsigned short const*, xercesc_3_1::RefVectorOf<xercesc_3_1::XMLAttr> const&, unsigned long, bool, bool)+0x146) [0x7feb5d97c0f6]
/opt/vivado191/Vivado/2019.1/lib/lnx64.o/libxerces-c-3.1.so(xercesc_3_1::IGXMLScanner::scanStartTag(bool&)+0x9f9) [0x7feb5d91a149]
/opt/vivado191/Vivado/2019.1/lib/lnx64.o/libxerces-c-3.1.so(xercesc_3_1::IGXMLScanner::scanContent()+0x1b5) [0x7feb5d91ef95]
/opt/vivado191/Vivado/2019.1/lib/lnx64.o/libxerces-c-3.1.so(xercesc_3_1::IGXMLScanner::scanDocument(xercesc_3_1::InputSource const&)+0xb0) [0x7feb5d91f0b0]
/opt/vivado191/Vivado/2019.1/lib/lnx64.o/libxerces-c-3.1.so(xercesc_3_1::XMLScanner::scanDocument(unsigned short const*)+0x136) [0x7feb5d94c056]
/opt/vivado191/Vivado/2019.1/lib/lnx64.o/libxerces-c-3.1.so(xercesc_3_1::XMLScanner::scanDocument(char const*)+0x32) [0x7feb5d94c382]
/opt/vivado191/Vivado/2019.1/lib/lnx64.o/libxerces-c-3.1.so(xercesc_3_1::SAXParser::parse(char const*)+0x38) [0x7feb5d97d358]
/opt/vivado191/Vivado/2019.1/lib/lnx64.o/librdi_wavedata.so(SG_Model::SGReader::readConfigurationFile(char const*, SG_Model::IBuilder&, SG_Model::IReporter&)+0x96) [0x7feb2a3fb7c6]
/opt/vivado191/Vivado/2019.1/lib/lnx64.o/librdi_wavedata.so(SG_Model::Model::read(std::__cxx11::basic_string<char, std::char_traits<char>, std::allocator<char> > const&, SG_Model::IReporter&, ISIM::IGuiStatus*)+0xe3) [0x7feb2a3f0a03]
/opt/vivado191/Vivado/2019.1/lib/lnx64.o/librdi_wavedata.so(WVDAppInterface::WVDWindowManager::openWcfg(std::__cxx11::basic_string<char, std::char_traits<char>, std::allocator<char> > const&, SG_Model::IDesignManager::ConnectMode, ISIM::IGuiStatus*)+0x143) [0x7feb2a2bde73]
/opt/vivado191/Vivado/2019.1/lib/lnx64.o/librdi_wavedatatasks.so(+0xa30d3) [0x7feae6e470d3]
/opt/vivado191/Vivado/2019.1/lib/lnx64.o/librdi_common.so(+0x8068e2) [0x7feb6343f8e2]
/opt/vivado191/Vivado/2019.1/lib/lnx64.o/libtcl8.5.so(+0x334af) [0x7feb5dd544af]
/opt/vivado191/Vivado/2019.1/lib/lnx64.o/libtcl8.5.so(Tcl_EvalObjv+0x32) [0x7feb5dd545e2]
/opt/vivado191/Vivado/2019.1/lib/lnx64.o/libtcl8.5.so(TclEvalObjEx+0x322) [0x7feb5dd56402]
/opt/vivado191/Vivado/2019.1/lib/lnx64.o/librdi_common.so(hdi::tcltasks::task_manager::eval_in_tcl(Tcl_Interp*, Tcl_Obj*, char const*, bool)+0xab9) [0x7feb63441719]
/opt/vivado191/Vivado/2019.1/lib/lnx64.o/librdi_simtcltasks.so(+0x13b572) [0x7feadb0bc572]
/opt/vivado191/Vivado/2019.1/lib/lnx64.o/librdi_common.so(+0x8068e2) [0x7feb6343f8e2]
/opt/vivado191/Vivado/2019.1/lib/lnx64.o/libtcl8.5.so(+0x334af) [0x7feb5dd544af]
/opt/vivado191/Vivado/2019.1/lib/lnx64.o/libtcl8.5.so(+0x34b38) [0x7feb5dd55b38]
/opt/vivado191/Vivado/2019.1/lib/lnx64.o/libtcl8.5.so(Tcl_EvalEx+0x13) [0x7feb5dd560a3]
/opt/vivado191/Vivado/2019.1/lib/lnx64.o/libtcl8.5.so(TclEvalObjEx+0x1e0) [0x7feb5dd562c0]
/opt/vivado191/Vivado/2019.1/lib/lnx64.o/libtcl8.5.so(+0x3b375) [0x7feb5dd5c375]
/opt/vivado191/Vivado/2019.1/lib/lnx64.o/libtcl8.5.so(+0x334af) [0x7feb5dd544af]
/opt/vivado191/Vivado/2019.1/lib/lnx64.o/libtcl8.5.so(+0x76875) [0x7feb5dd97875]
/opt/vivado191/Vivado/2019.1/lib/lnx64.o/libtcl8.5.so(+0x7e029) [0x7feb5dd9f029]
/opt/vivado191/Vivado/2019.1/lib/lnx64.o/libtcl8.5.so(TclEvalObjEx+0x76) [0x7feb5dd56156]
/opt/vivado191/Vivado/2019.1/lib/lnx64.o/librdi_commontasks.so(+0x1ebcc4) [0x7feb5894ccc4]
/opt/vivado191/Vivado/2019.1/lib/lnx64.o/libtcl8.5.so(+0x334af) [0x7feb5dd544af]
/opt/vivado191/Vivado/2019.1/lib/lnx64.o/libtcl8.5.so(+0x76875) [0x7feb5dd97875]
/opt/vivado191/Vivado/2019.1/lib/lnx64.o/libtcl8.5.so(TclObjInterpProcCore+0x420) [0x7feb5ddd8df0]
/opt/vivado191/Vivado/2019.1/lib/lnx64.o/libtcl8.5.so(+0x334af) [0x7feb5dd544af]
/opt/vivado191/Vivado/2019.1/lib/lnx64.o/libtcl8.5.so(Tcl_EvalObjv+0x32) [0x7feb5dd545e2]
/opt/vivado191/Vivado/2019.1/lib/lnx64.o/libtcl8.5.so(TclEvalObjEx+0x322) [0x7feb5dd56402]
/opt/vivado191/Vivado/2019.1/lib/lnx64.o/librdi_tcltasks.so(SimUtils::detail::execStep(Tcl_Interp*, std::__cxx11::basic_ostringstream<char, std::char_traits<char>, std::allocator<char> >&, std::__cxx11::basic_string<char, std::char_traits<char>, std::allocator<char> > const&, std::__cxx11::basic_string<char, std::char_traits<char>, std::allocator<char> >&, bool&)+0x9b) [0x7feb56504a6b]
/opt/vivado191/Vivado/2019.1/lib/lnx64.o/librdi_tcltasks.so(SimUtils::detail::execSimStep(Tcl_Interp*, std::__cxx11::basic_ostringstream<char, std::char_traits<char>, std::allocator<char> >&, HAPUFSimulator*, HAPUFSimulator::TclProc, std::__cxx11::basic_string<char, std::char_traits<char>, std::allocator<char> > const&, bool, HADAFileSet*, std::__cxx11::basic_string<char, std::char_traits<char>, std::allocator<char> > const&, HAPUFSimulator::SimulationStep, HDGUIStatus*)+0x63) [0x7feb56507903]
/opt/vivado191/Vivado/2019.1/lib/lnx64.o/librdi_tcltasks.so(HTCSimUtils::executeStep(Tcl_Interp*, HADAFileSet*, HADAFileSet*, HAPUFSimulator*, HDGUIStatus*, std::__cxx11::basic_string<char, std::char_traits<char>, std::allocator<char> > const&, std::__cxx11::basic_string<char, std::char_traits<char>, std::allocator<char> > const&, std::__cxx11::basic_string<char, std::char_traits<char>, std::allocator<char> > const&, bool, bool, bool, std::__cxx11::basic_ostringstream<char, std::char_traits<char>, std::allocator<char> >&)+0x4bb) [0x7feb565088eb]
/opt/vivado191/Vivado/2019.1/lib/lnx64.o/librdi_tcltasks.so(+0x1694ba2) [0x7feb564b3ba2]
/opt/vivado191/Vivado/2019.1/lib/lnx64.o/librdi_common.so(+0x8068e2) [0x7feb6343f8e2]
/opt/vivado191/Vivado/2019.1/lib/lnx64.o/libtcl8.5.so(+0x334af) [0x7feb5dd544af]
/opt/vivado191/Vivado/2019.1/lib/lnx64.o/libtcl8.5.so(+0x76875) [0x7feb5dd97875]
/opt/vivado191/Vivado/2019.1/lib/lnx64.o/libtcl8.5.so(+0x7e029) [0x7feb5dd9f029]
/opt/vivado191/Vivado/2019.1/lib/lnx64.o/libtcl8.5.so(TclEvalObjEx+0x76) [0x7feb5dd56156]
/opt/vivado191/Vivado/2019.1/lib/lnx64.o/librdi_common.so(+0x804df1) [0x7feb6343ddf1]
/opt/vivado191/Vivado/2019.1/lib/lnx64.o/libtcl8.5.so(Tcl_ServiceEvent+0x7f) [0x7feb5ddc8b0f]
/opt/vivado191/Vivado/2019.1/lib/lnx64.o/libtcl8.5.so(Tcl_DoOneEvent+0x154) [0x7feb5ddc8e44]
/opt/vivado191/Vivado/2019.1/lib/lnx64.o/librdi_commontasks.so(+0x231625) [0x7feb58992625]
/opt/vivado191/Vivado/2019.1/lib/lnx64.o/librdi_commontasks.so(+0x23b163) [0x7feb5899c163]
/opt/vivado191/Vivado/2019.1/lib/lnx64.o/librdi_commontasks.so(+0x23c1fe) [0x7feb5899d1fe]
/opt/vivado191/Vivado/2019.1/lib/lnx64.o/librdi_common.so(+0x8068e2) [0x7feb6343f8e2]
/opt/vivado191/Vivado/2019.1/lib/lnx64.o/libtcl8.5.so(+0x334af) [0x7feb5dd544af]
/opt/vivado191/Vivado/2019.1/lib/lnx64.o/libtcl8.5.so(+0x76875) [0x7feb5dd97875]
/opt/vivado191/Vivado/2019.1/lib/lnx64.o/libtcl8.5.so(+0x7e029) [0x7feb5dd9f029]
/opt/vivado191/Vivado/2019.1/lib/lnx64.o/libtcl8.5.so(TclEvalObjEx+0x76) [0x7feb5dd56156]
/opt/vivado191/Vivado/2019.1/lib/lnx64.o/librdi_commonmain.so(+0x7424) [0x7feb62a35424]
/opt/vivado191/Vivado/2019.1/lib/lnx64.o/libtcl8.5.so(Tcl_Main+0x1d0) [0x7feb5ddc1210]
/opt/vivado191/Vivado/2019.1/lib/lnx64.o/librdi_common.so(+0x84ac9b) [0x7feb63483c9b]
/lib/x86_64-linux-gnu/libpthread.so.0(+0x9609) [0x7feb6225f609]
/lib/x86_64-linux-gnu/libc.so.6(clone+0x43) [0x7feb6239b103]
