#
# An unexpected error has occurred (11)
#
Stack:
/opt/xilinx/Vivado/2019.2/tps/lnx64/jre9.0.4/lib//server/libjvm.so(+0xb6aadb) [0x7fe3638f6adb]
/opt/xilinx/Vivado/2019.2/tps/lnx64/jre9.0.4/lib//server/libjvm.so(JVM_handle_linux_signal+0xbb) [0x7fe3638fbe1b]
/opt/xilinx/Vivado/2019.2/tps/lnx64/jre9.0.4/lib//server/libjvm.so(+0xb647b8) [0x7fe3638f07b8]
/lib/x86_64-linux-gnu/libc.so.6(+0x46210) [0x7fe3ada1d210]
/opt/xilinx/Vivado/2019.2/lib/lnx64.o/librdi_simbridge_kernel.so(SimBridge::CArray::empty() const+0) [0x7fe368779540]
/opt/xilinx/Vivado/2019.2/lib/lnx64.o/librdi_simbridge_kernel.so(SimBridge::WdbEventBlock::addBlock(SimBridge::WdbIBlockManager&, unsigned int&) const+0x1e) [0x7fe368779c1e]
/opt/xilinx/Vivado/2019.2/lib/lnx64.o/librdi_simbridge_kernel.so(SimBridge::WdbMultipleBucketEventDatabase::getEventBlockDatabaseIterator(std::vector<SimBridge::WdbScalarBTree*, std::allocator<SimBridge::WdbScalarBTree*> > const&, std::vector<boost::shared_ptr<SimBridge::WdbIEventBlockIterator>, std::allocator<boost::shared_ptr<SimBridge::WdbIEventBlockIterator> > >&, std::vector<std::vector<SimBridge::WdbScalarBTree*, std::allocator<SimBridge::WdbScalarBTree*> >, std::allocator<std::vector<SimBridge::WdbScalarBTree*, std::allocator<SimBridge::WdbScalarBTree*> > > >&) const+0x691) [0x7fe368792fd1]
/opt/xilinx/Vivado/2019.2/lib/lnx64.o/librdi_simbridge_kernel.so(SimBridge::WdbAddressBTreeManager::scanWdbDatabaseMultiThread(std::vector<SimBridge::WdbScalarBTree*, std::allocator<SimBridge::WdbScalarBTree*> > const&, ISIM::IGuiStatus*)+0xc4) [0x7fe368770b74]
/opt/xilinx/Vivado/2019.2/lib/lnx64.o/librdi_wavedata.so(SimBridge::DataObjMgr::createDrawingBTree(std::vector<SimBridge::IDataObj const*, std::allocator<SimBridge::IDataObj const*> > const&, ISIM::IGuiStatus*, bool)+0x32a) [0x7fe371d51c1a]
/opt/xilinx/Vivado/2019.2/lib/lnx64.o/librdi_wavedata.so(SimBridge::DataReader::getTransitions(SimBridge::IDataObj const*, long long, long long, long long, SimBridge::ValueFormat const&, std::vector<SimBridge::Transition, std::allocator<SimBridge::Transition> >&) const+0x75) [0x7fe371d5d235]
/opt/xilinx/Vivado/2019.2/lib/lnx64.o/librdi_wavedata.so(SG_Model::ModelImp::getTransitions(SimBridge::IDataObj const*, SG_Model::IDatabase*, long long, long long, long long, SimBridge::ValueFormat const&, bool, std::vector<SimBridge::Transition, std::allocator<SimBridge::Transition> >&) const+0xbd) [0x7fe371e0319d]
/opt/xilinx/Vivado/2019.2/lib/lnx64.o/librdi_wavedata.so(SG_Model::Model::getTransitions(SG_Model::WVDataObject const*, long long, long long, long long, SimBridge::ValueFormat const&, bool, std::vector<SimBridge::Transition, std::allocator<SimBridge::Transition> >&) const+0x102) [0x7fe371e03522]
/opt/xilinx/Vivado/2019.2/lib/lnx64.o/librdi_wavedata.so(+0x302056) [0x7fe371e35056]
/opt/xilinx/Vivado/2019.2/lib/lnx64.o/librdi_wavedata.so(SG_Model::WaveformRender::render(SG_Model::WVDataObject const&)+0x261) [0x7fe371e313d1]
/opt/xilinx/Vivado/2019.2/lib/lnx64.o/librdi_wavedata.so(WaveViewer::WVWaveformPanel::WaveformTraverser::drawWaveform(SG_Model::WVDataObject const*, int, int)+0x2eb) [0x7fe371ead09b]
/opt/xilinx/Vivado/2019.2/lib/lnx64.o/librdi_wavedata.so(WaveViewer::WVWaveformPanel::WaveformTraverser::handleItemSize(WaveViewer::WVNameValueTreeModel::ITraverseHandler::ItemSize const&)+0x4a) [0x7fe371ead37a]
/opt/xilinx/Vivado/2019.2/lib/lnx64.o/librdi_wavedata.so(WaveViewer::WVNameValueTreeModel::traverseYRange(SG_Model::WVDataObject const*, WaveViewer::WVNameValueTreeModel::ITraverseHandler&, int, int, int&, int&) const+0x268) [0x7fe371e7f388]
/opt/xilinx/Vivado/2019.2/lib/lnx64.o/librdi_wavedata.so(WaveViewer::WVNameValueTreeModel::traverseYRange(SG_Model::WVDataObject const*, WaveViewer::WVNameValueTreeModel::ITraverseHandler&, int, int, int&, int&) const+0x336) [0x7fe371e7f456]
/opt/xilinx/Vivado/2019.2/lib/lnx64.o/librdi_wavedata.so(WaveViewer::WVNameValueTreeModel::traverseYRange(WaveViewer::WVNameValueTreeModel::ITraverseHandler&, int, int) const+0x57) [0x7fe371e80467]
/opt/xilinx/Vivado/2019.2/lib/lnx64.o/librdi_wavedata.so(WaveViewer::WVWaveformPanel::getGraphics(HDGDStringStream&, long&)+0x3c5) [0x7fe371eac595]
/opt/xilinx/Vivado/2019.2/lib/lnx64.o/librdi_wavedata.so(WVExecutiveImp::getGraphicsDataSize()+0xfa) [0x7fe371e70a2a]
/opt/xilinx/Vivado/2019.2/lib/lnx64.o/librdi_wavedata.so(WVExecutive::getGraphicsDataSize()+0xf) [0x7fe371e70f4f]
/opt/xilinx/Vivado/2019.2/lib/lnx64.o/librdi_wavedata.so(Java_ui_views_waveform_waveformi_WVExecutive_1getGraphicsDataSize+0x17) [0x7fe371eb7857]
[0x7fe354705611]
