10:59:28 **** Incremental Build of configuration Debug for project aukv_bsp_xuartps_hello_world_example_1 ****
make pre-build main-build 
a9-linaro-pre-build-step
 
make: Nothing to be done for 'main-build'.
10:59:40 **** Incremental Build of configuration Debug for project aukv_bsp_xuartps_hello_world_example_1 ****
make pre-build main-build 
a9-linaro-pre-build-step
 
make: Nothing to be done for 'main-build'.
11:05:37 **** Incremental Build of configuration Debug for project aukv ****
make pre-build main-build 
a9-linaro-pre-build-step
 
make: Nothing to be done for 'main-build'.
18:33:17 **** Incremental Build of configuration Debug for project aukv ****
make pre-build main-build 
a9-linaro-pre-build-step
 
make: Nothing to be done for 'main-build'.
21:29:19 **** Incremental Build of configuration Debug for project aukv ****
make pre-build main-build 
a9-linaro-pre-build-step
 
make: Nothing to be done for 'main-build'.
15:43:47 **** Incremental Build of configuration Debug for project aukv ****
make pre-build main-build 
a9-linaro-pre-build-step
 
make: Nothing to be done for 'main-build'.
20:26:28 **** Incremental Build of configuration Debug for project aukv ****
make pre-build main-build 
a9-linaro-pre-build-step
 
make: Nothing to be done for 'main-build'.
23:19:01 **** Incremental Build of configuration Debug for project aukv ****
make pre-build main-build 
a9-linaro-pre-build-step
 
make: Nothing to be done for 'main-build'.
23:22:07 **** Incremental Build of configuration Debug for project aukv ****
make pre-build main-build 
a9-linaro-pre-build-step
 
make: Nothing to be done for 'main-build'.
09:28:56 **** Incremental Build of configuration Debug for project aukv ****
make pre-build main-build 
a9-linaro-pre-build-step
 
make: Nothing to be done for 'main-build'.
10:24:46 **** Incremental Build of configuration Debug for project aukv ****
make pre-build main-build 
a9-linaro-pre-build-step
 
make: Nothing to be done for 'main-build'.
