Copyright 1986-2019 Xilinx, Inc. All Rights Reserved.
-------------------------------------------------------------------------------------------------------------------------------------------------------------------------------
| Tool Version     : Vivado v.2019.2 (lin64) Build 2708876 Wed Nov  6 21:39:14 MST 2019
| Date             : Thu Sep  3 14:28:08 2020
| Host             : SCiMOS running 64-bit Ubuntu 20.04.1 LTS
| Command          : report_power -file example_led_wrapper_power_routed.rpt -pb example_led_wrapper_power_summary_routed.pb -rpx example_led_wrapper_power_routed.rpx
| Design           : example_led_wrapper
| Device           : xc7z020clg400-1
| Design State     : routed
| Grade            : commercial
| Process          : typical
| Characterization : Production
-------------------------------------------------------------------------------------------------------------------------------------------------------------------------------

Power Report

Table of Contents
-----------------
1. Summary
1.1 On-Chip Components
1.2 Power Supply Summary
1.3 Confidence Level
2. Settings
2.1 Environment
2.2 Clock Constraints
3. Detailed Reports
3.1 By Hierarchy

1. Summary
----------

+--------------------------+--------------+
| Total On-Chip Power (W)  | 1.748        |
| Design Power Budget (W)  | Unspecified* |
| Power Budget Margin (W)  | NA           |
| Dynamic (W)              | 1.606        |
| Device Static (W)        | 0.143        |
| Effective TJA (C/W)      | 11.5         |
| Max Ambient (C)          | 64.8         |
| Junction Temperature (C) | 45.2         |
| Confidence Level         | Medium       |
| Setting File             | ---          |
| Simulation Activity File | ---          |
| Design Nets Matched      | NA           |
+--------------------------+--------------+
* Specify Design Power Budget using, set_operating_conditions -design_power_budget <value in Watts>


1.1 On-Chip Components
----------------------

+--------------------------+-----------+----------+-----------+-----------------+
| On-Chip                  | Power (W) | Used     | Available | Utilization (%) |
+--------------------------+-----------+----------+-----------+-----------------+
| Clocks                   |     0.003 |        8 |       --- |             --- |
| Slice Logic              |    <0.001 |     7346 |       --- |             --- |
|   LUT as Logic           |    <0.001 |     2390 |     53200 |            4.49 |
|   CARRY4                 |    <0.001 |       77 |     13300 |            0.58 |
|   Register               |    <0.001 |     3864 |    106400 |            3.63 |
|   LUT as Distributed RAM |    <0.001 |       24 |     17400 |            0.14 |
|   F7/F8 Muxes            |    <0.001 |      195 |     53200 |            0.37 |
|   LUT as Shift Register  |    <0.001 |       69 |     17400 |            0.40 |
|   Others                 |     0.000 |      359 |       --- |             --- |
| Signals                  |    <0.001 |     5631 |       --- |             --- |
| Block RAM                |    <0.001 |      0.5 |       140 |            0.36 |
| MMCM                     |     0.106 |        1 |         4 |           25.00 |
| I/O                      |     0.000 |        3 |       125 |            2.40 |
| PS7                      |     1.496 |        1 |       --- |             --- |
| Static Power             |     0.143 |          |           |                 |
| Total                    |     1.748 |          |           |                 |
+--------------------------+-----------+----------+-----------+-----------------+


1.2 Power Supply Summary
------------------------

+-----------+-------------+-----------+-------------+------------+
| Source    | Voltage (V) | Total (A) | Dynamic (A) | Static (A) |
+-----------+-------------+-----------+-------------+------------+
| Vccint    |       1.000 |     0.019 |       0.004 |      0.015 |
| Vccaux    |       1.800 |     0.074 |       0.059 |      0.015 |
| Vcco33    |       3.300 |     0.000 |       0.000 |      0.000 |
| Vcco25    |       2.500 |     0.000 |       0.000 |      0.000 |
| Vcco18    |       1.800 |     0.000 |       0.000 |      0.000 |
| Vcco15    |       1.500 |     0.000 |       0.000 |      0.000 |
| Vcco135   |       1.350 |     0.000 |       0.000 |      0.000 |
| Vcco12    |       1.200 |     0.000 |       0.000 |      0.000 |
| Vccaux_io |       1.800 |     0.000 |       0.000 |      0.000 |
| Vccbram   |       1.000 |     0.001 |       0.000 |      0.001 |
| MGTAVcc   |       1.000 |     0.000 |       0.000 |      0.000 |
| MGTAVtt   |       1.200 |     0.000 |       0.000 |      0.000 |
| MGTVccaux |       1.800 |     0.000 |       0.000 |      0.000 |
| Vccpint   |       1.000 |     0.713 |       0.682 |      0.031 |
| Vccpaux   |       1.800 |     0.062 |       0.051 |      0.010 |
| Vccpll    |       1.800 |     0.018 |       0.015 |      0.003 |
| Vcco_ddr  |       1.500 |     0.459 |       0.457 |      0.002 |
| Vcco_mio0 |       3.300 |     0.003 |       0.002 |      0.001 |
| Vcco_mio1 |       1.800 |     0.003 |       0.002 |      0.001 |
| Vccadc    |       1.800 |     0.020 |       0.000 |      0.020 |
+-----------+-------------+-----------+-------------+------------+


1.3 Confidence Level
--------------------

+-----------------------------+------------+------------------------------------------------+------------------------------------------------------------------------------------------------------------+
| User Input Data             | Confidence | Details                                        | Action                                                                                                     |
+-----------------------------+------------+------------------------------------------------+------------------------------------------------------------------------------------------------------------+
| Design implementation state | High       | Design is routed                               |                                                                                                            |
| Clock nodes activity        | High       | User specified more than 95% of clocks         |                                                                                                            |
| I/O nodes activity          | High       | User specified more than 95% of inputs         |                                                                                                            |
| Internal nodes activity     | Medium     | User specified less than 25% of internal nodes | Provide missing internal nodes activity with simulation results or by editing the "By Resource Type" views |
| Device models               | High       | Device models are Production                   |                                                                                                            |
|                             |            |                                                |                                                                                                            |
| Overall confidence level    | Medium     |                                                |                                                                                                            |
+-----------------------------+------------+------------------------------------------------+------------------------------------------------------------------------------------------------------------+


2. Settings
-----------

2.1 Environment
---------------

+-----------------------+------------------------+
| Ambient Temp (C)      | 25.0                   |
| ThetaJA (C/W)         | 11.5                   |
| Airflow (LFM)         | 250                    |
| Heat Sink             | none                   |
| ThetaSA (C/W)         | 0.0                    |
| Board Selection       | medium (10"x10")       |
| # of Board Layers     | 8to11 (8 to 11 Layers) |
| Board Temperature (C) | 25.0                   |
+-----------------------+------------------------+


2.2 Clock Constraints
---------------------

+--------------------------------------------------------------------------------------------+----------------------------------------------------------------------+-----------------+
| Clock                                                                                      | Domain                                                               | Constraint (ns) |
+--------------------------------------------------------------------------------------------+----------------------------------------------------------------------+-----------------+
| clk_fpga_0                                                                                 | example_led_i/processing_system7_0/inst/FCLK_CLK0                    |            10.0 |
| clk_fpga_0                                                                                 | example_led_i/processing_system7_0/inst/FCLK_CLK_unbuffered[0]       |            10.0 |
| clk_out1_example_led_clk_wiz_0_1                                                           | example_led_i/clk_wiz_0/inst/clk_out1_example_led_clk_wiz_0_1        |           100.0 |
| clkfbout_example_led_clk_wiz_0_1                                                           | example_led_i/clk_wiz_0/inst/clkfbout_example_led_clk_wiz_0_1        |            20.0 |
| dbg_hub/inst/BSCANID.u_xsdbm_id/SWITCH_N_EXT_BSCAN.bscan_inst/SERIES7_BSCAN.bscan_inst/TCK | dbg_hub/inst/BSCANID.u_xsdbm_id/SWITCH_N_EXT_BSCAN.bscan_inst/tck_bs |            33.0 |
+--------------------------------------------------------------------------------------------+----------------------------------------------------------------------+-----------------+


3. Detailed Reports
-------------------

3.1 By Hierarchy
----------------

+--------------------------+-----------+
| Name                     | Power (W) |
+--------------------------+-----------+
| example_led_wrapper      |     1.605 |
|   dbg_hub                |     0.001 |
|     inst                 |     0.001 |
|       BSCANID.u_xsdbm_id |     0.001 |
|   example_led_i          |     1.604 |
|     clk_wiz_0            |     0.107 |
|       inst               |     0.107 |
|     processing_system7_0 |     1.496 |
|       inst               |     1.496 |
+--------------------------+-----------+


