Copyright 1986-2019 Xilinx, Inc. All Rights Reserved.
--------------------------------------------------------------------------------------------------------------------------------------------------------------
| Tool Version : Vivado v.2019.2 (lin64) Build 2708876 Wed Nov  6 21:39:14 MST 2019
| Date         : Fri Feb 21 19:53:46 2020
| Host         : veeyceey-GV62-8RE running 64-bit Ubuntu 18.10
| Command      : report_methodology -file reg_file_methodology_drc_routed.rpt -pb reg_file_methodology_drc_routed.pb -rpx reg_file_methodology_drc_routed.rpx
| Design       : reg_file
| Device       : xc7z020clg400-1
| Speed File   : -1
| Design State : Fully Routed
--------------------------------------------------------------------------------------------------------------------------------------------------------------

Report Methodology

Table of Contents
-----------------
1. REPORT SUMMARY
2. REPORT DETAILS

1. REPORT SUMMARY
-----------------
            Netlist: netlist
          Floorplan: design_1
      Design limits: <entire design considered>
             Max violations: <unlimited>
             Violations found: 96
+-----------+------------------+-----------------------------+------------+
| Rule      | Severity         | Description                 | Violations |
+-----------+------------------+-----------------------------+------------+
| TIMING-17 | Critical Warning | Non-clocked sequential cell | 96         |
+-----------+------------------+-----------------------------+------------+

2. REPORT DETAILS
-----------------
TIMING-17#1 Critical Warning
Non-clocked sequential cell  
The clock pin sfr_reg_r1_0_31_0_5/RAMA/CLK is not reached by a timing clock
Related violations: <none>

TIMING-17#2 Critical Warning
Non-clocked sequential cell  
The clock pin sfr_reg_r1_0_31_0_5/RAMA_D1/CLK is not reached by a timing clock
Related violations: <none>

TIMING-17#3 Critical Warning
Non-clocked sequential cell  
The clock pin sfr_reg_r1_0_31_0_5/RAMB/CLK is not reached by a timing clock
Related violations: <none>

TIMING-17#4 Critical Warning
Non-clocked sequential cell  
The clock pin sfr_reg_r1_0_31_0_5/RAMB_D1/CLK is not reached by a timing clock
Related violations: <none>

TIMING-17#5 Critical Warning
Non-clocked sequential cell  
The clock pin sfr_reg_r1_0_31_0_5/RAMC/CLK is not reached by a timing clock
Related violations: <none>

TIMING-17#6 Critical Warning
Non-clocked sequential cell  
The clock pin sfr_reg_r1_0_31_0_5/RAMC_D1/CLK is not reached by a timing clock
Related violations: <none>

TIMING-17#7 Critical Warning
Non-clocked sequential cell  
The clock pin sfr_reg_r1_0_31_0_5/RAMD/CLK is not reached by a timing clock
Related violations: <none>

TIMING-17#8 Critical Warning
Non-clocked sequential cell  
The clock pin sfr_reg_r1_0_31_0_5/RAMD_D1/CLK is not reached by a timing clock
Related violations: <none>

TIMING-17#9 Critical Warning
Non-clocked sequential cell  
The clock pin sfr_reg_r1_0_31_12_17/RAMA/CLK is not reached by a timing clock
Related violations: <none>

TIMING-17#10 Critical Warning
Non-clocked sequential cell  
The clock pin sfr_reg_r1_0_31_12_17/RAMA_D1/CLK is not reached by a timing clock
Related violations: <none>

TIMING-17#11 Critical Warning
Non-clocked sequential cell  
The clock pin sfr_reg_r1_0_31_12_17/RAMB/CLK is not reached by a timing clock
Related violations: <none>

TIMING-17#12 Critical Warning
Non-clocked sequential cell  
The clock pin sfr_reg_r1_0_31_12_17/RAMB_D1/CLK is not reached by a timing clock
Related violations: <none>

TIMING-17#13 Critical Warning
Non-clocked sequential cell  
The clock pin sfr_reg_r1_0_31_12_17/RAMC/CLK is not reached by a timing clock
Related violations: <none>

TIMING-17#14 Critical Warning
Non-clocked sequential cell  
The clock pin sfr_reg_r1_0_31_12_17/RAMC_D1/CLK is not reached by a timing clock
Related violations: <none>

TIMING-17#15 Critical Warning
Non-clocked sequential cell  
The clock pin sfr_reg_r1_0_31_12_17/RAMD/CLK is not reached by a timing clock
Related violations: <none>

TIMING-17#16 Critical Warning
Non-clocked sequential cell  
The clock pin sfr_reg_r1_0_31_12_17/RAMD_D1/CLK is not reached by a timing clock
Related violations: <none>

TIMING-17#17 Critical Warning
Non-clocked sequential cell  
The clock pin sfr_reg_r1_0_31_18_23/RAMA/CLK is not reached by a timing clock
Related violations: <none>

TIMING-17#18 Critical Warning
Non-clocked sequential cell  
The clock pin sfr_reg_r1_0_31_18_23/RAMA_D1/CLK is not reached by a timing clock
Related violations: <none>

TIMING-17#19 Critical Warning
Non-clocked sequential cell  
The clock pin sfr_reg_r1_0_31_18_23/RAMB/CLK is not reached by a timing clock
Related violations: <none>

TIMING-17#20 Critical Warning
Non-clocked sequential cell  
The clock pin sfr_reg_r1_0_31_18_23/RAMB_D1/CLK is not reached by a timing clock
Related violations: <none>

TIMING-17#21 Critical Warning
Non-clocked sequential cell  
The clock pin sfr_reg_r1_0_31_18_23/RAMC/CLK is not reached by a timing clock
Related violations: <none>

TIMING-17#22 Critical Warning
Non-clocked sequential cell  
The clock pin sfr_reg_r1_0_31_18_23/RAMC_D1/CLK is not reached by a timing clock
Related violations: <none>

TIMING-17#23 Critical Warning
Non-clocked sequential cell  
The clock pin sfr_reg_r1_0_31_18_23/RAMD/CLK is not reached by a timing clock
Related violations: <none>

TIMING-17#24 Critical Warning
Non-clocked sequential cell  
The clock pin sfr_reg_r1_0_31_18_23/RAMD_D1/CLK is not reached by a timing clock
Related violations: <none>

TIMING-17#25 Critical Warning
Non-clocked sequential cell  
The clock pin sfr_reg_r1_0_31_24_29/RAMA/CLK is not reached by a timing clock
Related violations: <none>

TIMING-17#26 Critical Warning
Non-clocked sequential cell  
The clock pin sfr_reg_r1_0_31_24_29/RAMA_D1/CLK is not reached by a timing clock
Related violations: <none>

TIMING-17#27 Critical Warning
Non-clocked sequential cell  
The clock pin sfr_reg_r1_0_31_24_29/RAMB/CLK is not reached by a timing clock
Related violations: <none>

TIMING-17#28 Critical Warning
Non-clocked sequential cell  
The clock pin sfr_reg_r1_0_31_24_29/RAMB_D1/CLK is not reached by a timing clock
Related violations: <none>

TIMING-17#29 Critical Warning
Non-clocked sequential cell  
The clock pin sfr_reg_r1_0_31_24_29/RAMC/CLK is not reached by a timing clock
Related violations: <none>

TIMING-17#30 Critical Warning
Non-clocked sequential cell  
The clock pin sfr_reg_r1_0_31_24_29/RAMC_D1/CLK is not reached by a timing clock
Related violations: <none>

TIMING-17#31 Critical Warning
Non-clocked sequential cell  
The clock pin sfr_reg_r1_0_31_24_29/RAMD/CLK is not reached by a timing clock
Related violations: <none>

TIMING-17#32 Critical Warning
Non-clocked sequential cell  
The clock pin sfr_reg_r1_0_31_24_29/RAMD_D1/CLK is not reached by a timing clock
Related violations: <none>

TIMING-17#33 Critical Warning
Non-clocked sequential cell  
The clock pin sfr_reg_r1_0_31_30_31/RAMA/CLK is not reached by a timing clock
Related violations: <none>

TIMING-17#34 Critical Warning
Non-clocked sequential cell  
The clock pin sfr_reg_r1_0_31_30_31/RAMA_D1/CLK is not reached by a timing clock
Related violations: <none>

TIMING-17#35 Critical Warning
Non-clocked sequential cell  
The clock pin sfr_reg_r1_0_31_30_31/RAMB/CLK is not reached by a timing clock
Related violations: <none>

TIMING-17#36 Critical Warning
Non-clocked sequential cell  
The clock pin sfr_reg_r1_0_31_30_31/RAMB_D1/CLK is not reached by a timing clock
Related violations: <none>

TIMING-17#37 Critical Warning
Non-clocked sequential cell  
The clock pin sfr_reg_r1_0_31_30_31/RAMC/CLK is not reached by a timing clock
Related violations: <none>

TIMING-17#38 Critical Warning
Non-clocked sequential cell  
The clock pin sfr_reg_r1_0_31_30_31/RAMC_D1/CLK is not reached by a timing clock
Related violations: <none>

TIMING-17#39 Critical Warning
Non-clocked sequential cell  
The clock pin sfr_reg_r1_0_31_30_31/RAMD/CLK is not reached by a timing clock
Related violations: <none>

TIMING-17#40 Critical Warning
Non-clocked sequential cell  
The clock pin sfr_reg_r1_0_31_30_31/RAMD_D1/CLK is not reached by a timing clock
Related violations: <none>

TIMING-17#41 Critical Warning
Non-clocked sequential cell  
The clock pin sfr_reg_r1_0_31_6_11/RAMA/CLK is not reached by a timing clock
Related violations: <none>

TIMING-17#42 Critical Warning
Non-clocked sequential cell  
The clock pin sfr_reg_r1_0_31_6_11/RAMA_D1/CLK is not reached by a timing clock
Related violations: <none>

TIMING-17#43 Critical Warning
Non-clocked sequential cell  
The clock pin sfr_reg_r1_0_31_6_11/RAMB/CLK is not reached by a timing clock
Related violations: <none>

TIMING-17#44 Critical Warning
Non-clocked sequential cell  
The clock pin sfr_reg_r1_0_31_6_11/RAMB_D1/CLK is not reached by a timing clock
Related violations: <none>

TIMING-17#45 Critical Warning
Non-clocked sequential cell  
The clock pin sfr_reg_r1_0_31_6_11/RAMC/CLK is not reached by a timing clock
Related violations: <none>

TIMING-17#46 Critical Warning
Non-clocked sequential cell  
The clock pin sfr_reg_r1_0_31_6_11/RAMC_D1/CLK is not reached by a timing clock
Related violations: <none>

TIMING-17#47 Critical Warning
Non-clocked sequential cell  
The clock pin sfr_reg_r1_0_31_6_11/RAMD/CLK is not reached by a timing clock
Related violations: <none>

TIMING-17#48 Critical Warning
Non-clocked sequential cell  
The clock pin sfr_reg_r1_0_31_6_11/RAMD_D1/CLK is not reached by a timing clock
Related violations: <none>

TIMING-17#49 Critical Warning
Non-clocked sequential cell  
The clock pin sfr_reg_r2_0_31_0_5/RAMA/CLK is not reached by a timing clock
Related violations: <none>

TIMING-17#50 Critical Warning
Non-clocked sequential cell  
The clock pin sfr_reg_r2_0_31_0_5/RAMA_D1/CLK is not reached by a timing clock
Related violations: <none>

TIMING-17#51 Critical Warning
Non-clocked sequential cell  
The clock pin sfr_reg_r2_0_31_0_5/RAMB/CLK is not reached by a timing clock
Related violations: <none>

TIMING-17#52 Critical Warning
Non-clocked sequential cell  
The clock pin sfr_reg_r2_0_31_0_5/RAMB_D1/CLK is not reached by a timing clock
Related violations: <none>

TIMING-17#53 Critical Warning
Non-clocked sequential cell  
The clock pin sfr_reg_r2_0_31_0_5/RAMC/CLK is not reached by a timing clock
Related violations: <none>

TIMING-17#54 Critical Warning
Non-clocked sequential cell  
The clock pin sfr_reg_r2_0_31_0_5/RAMC_D1/CLK is not reached by a timing clock
Related violations: <none>

TIMING-17#55 Critical Warning
Non-clocked sequential cell  
The clock pin sfr_reg_r2_0_31_0_5/RAMD/CLK is not reached by a timing clock
Related violations: <none>

TIMING-17#56 Critical Warning
Non-clocked sequential cell  
The clock pin sfr_reg_r2_0_31_0_5/RAMD_D1/CLK is not reached by a timing clock
Related violations: <none>

TIMING-17#57 Critical Warning
Non-clocked sequential cell  
The clock pin sfr_reg_r2_0_31_12_17/RAMA/CLK is not reached by a timing clock
Related violations: <none>

TIMING-17#58 Critical Warning
Non-clocked sequential cell  
The clock pin sfr_reg_r2_0_31_12_17/RAMA_D1/CLK is not reached by a timing clock
Related violations: <none>

TIMING-17#59 Critical Warning
Non-clocked sequential cell  
The clock pin sfr_reg_r2_0_31_12_17/RAMB/CLK is not reached by a timing clock
Related violations: <none>

TIMING-17#60 Critical Warning
Non-clocked sequential cell  
The clock pin sfr_reg_r2_0_31_12_17/RAMB_D1/CLK is not reached by a timing clock
Related violations: <none>

TIMING-17#61 Critical Warning
Non-clocked sequential cell  
The clock pin sfr_reg_r2_0_31_12_17/RAMC/CLK is not reached by a timing clock
Related violations: <none>

TIMING-17#62 Critical Warning
Non-clocked sequential cell  
The clock pin sfr_reg_r2_0_31_12_17/RAMC_D1/CLK is not reached by a timing clock
Related violations: <none>

TIMING-17#63 Critical Warning
Non-clocked sequential cell  
The clock pin sfr_reg_r2_0_31_12_17/RAMD/CLK is not reached by a timing clock
Related violations: <none>

TIMING-17#64 Critical Warning
Non-clocked sequential cell  
The clock pin sfr_reg_r2_0_31_12_17/RAMD_D1/CLK is not reached by a timing clock
Related violations: <none>

TIMING-17#65 Critical Warning
Non-clocked sequential cell  
The clock pin sfr_reg_r2_0_31_18_23/RAMA/CLK is not reached by a timing clock
Related violations: <none>

TIMING-17#66 Critical Warning
Non-clocked sequential cell  
The clock pin sfr_reg_r2_0_31_18_23/RAMA_D1/CLK is not reached by a timing clock
Related violations: <none>

TIMING-17#67 Critical Warning
Non-clocked sequential cell  
The clock pin sfr_reg_r2_0_31_18_23/RAMB/CLK is not reached by a timing clock
Related violations: <none>

TIMING-17#68 Critical Warning
Non-clocked sequential cell  
The clock pin sfr_reg_r2_0_31_18_23/RAMB_D1/CLK is not reached by a timing clock
Related violations: <none>

TIMING-17#69 Critical Warning
Non-clocked sequential cell  
The clock pin sfr_reg_r2_0_31_18_23/RAMC/CLK is not reached by a timing clock
Related violations: <none>

TIMING-17#70 Critical Warning
Non-clocked sequential cell  
The clock pin sfr_reg_r2_0_31_18_23/RAMC_D1/CLK is not reached by a timing clock
Related violations: <none>

TIMING-17#71 Critical Warning
Non-clocked sequential cell  
The clock pin sfr_reg_r2_0_31_18_23/RAMD/CLK is not reached by a timing clock
Related violations: <none>

TIMING-17#72 Critical Warning
Non-clocked sequential cell  
The clock pin sfr_reg_r2_0_31_18_23/RAMD_D1/CLK is not reached by a timing clock
Related violations: <none>

TIMING-17#73 Critical Warning
Non-clocked sequential cell  
The clock pin sfr_reg_r2_0_31_24_29/RAMA/CLK is not reached by a timing clock
Related violations: <none>

TIMING-17#74 Critical Warning
Non-clocked sequential cell  
The clock pin sfr_reg_r2_0_31_24_29/RAMA_D1/CLK is not reached by a timing clock
Related violations: <none>

TIMING-17#75 Critical Warning
Non-clocked sequential cell  
The clock pin sfr_reg_r2_0_31_24_29/RAMB/CLK is not reached by a timing clock
Related violations: <none>

TIMING-17#76 Critical Warning
Non-clocked sequential cell  
The clock pin sfr_reg_r2_0_31_24_29/RAMB_D1/CLK is not reached by a timing clock
Related violations: <none>

TIMING-17#77 Critical Warning
Non-clocked sequential cell  
The clock pin sfr_reg_r2_0_31_24_29/RAMC/CLK is not reached by a timing clock
Related violations: <none>

TIMING-17#78 Critical Warning
Non-clocked sequential cell  
The clock pin sfr_reg_r2_0_31_24_29/RAMC_D1/CLK is not reached by a timing clock
Related violations: <none>

TIMING-17#79 Critical Warning
Non-clocked sequential cell  
The clock pin sfr_reg_r2_0_31_24_29/RAMD/CLK is not reached by a timing clock
Related violations: <none>

TIMING-17#80 Critical Warning
Non-clocked sequential cell  
The clock pin sfr_reg_r2_0_31_24_29/RAMD_D1/CLK is not reached by a timing clock
Related violations: <none>

TIMING-17#81 Critical Warning
Non-clocked sequential cell  
The clock pin sfr_reg_r2_0_31_30_31/RAMA/CLK is not reached by a timing clock
Related violations: <none>

TIMING-17#82 Critical Warning
Non-clocked sequential cell  
The clock pin sfr_reg_r2_0_31_30_31/RAMA_D1/CLK is not reached by a timing clock
Related violations: <none>

TIMING-17#83 Critical Warning
Non-clocked sequential cell  
The clock pin sfr_reg_r2_0_31_30_31/RAMB/CLK is not reached by a timing clock
Related violations: <none>

TIMING-17#84 Critical Warning
Non-clocked sequential cell  
The clock pin sfr_reg_r2_0_31_30_31/RAMB_D1/CLK is not reached by a timing clock
Related violations: <none>

TIMING-17#85 Critical Warning
Non-clocked sequential cell  
The clock pin sfr_reg_r2_0_31_30_31/RAMC/CLK is not reached by a timing clock
Related violations: <none>

TIMING-17#86 Critical Warning
Non-clocked sequential cell  
The clock pin sfr_reg_r2_0_31_30_31/RAMC_D1/CLK is not reached by a timing clock
Related violations: <none>

TIMING-17#87 Critical Warning
Non-clocked sequential cell  
The clock pin sfr_reg_r2_0_31_30_31/RAMD/CLK is not reached by a timing clock
Related violations: <none>

TIMING-17#88 Critical Warning
Non-clocked sequential cell  
The clock pin sfr_reg_r2_0_31_30_31/RAMD_D1/CLK is not reached by a timing clock
Related violations: <none>

TIMING-17#89 Critical Warning
Non-clocked sequential cell  
The clock pin sfr_reg_r2_0_31_6_11/RAMA/CLK is not reached by a timing clock
Related violations: <none>

TIMING-17#90 Critical Warning
Non-clocked sequential cell  
The clock pin sfr_reg_r2_0_31_6_11/RAMA_D1/CLK is not reached by a timing clock
Related violations: <none>

TIMING-17#91 Critical Warning
Non-clocked sequential cell  
The clock pin sfr_reg_r2_0_31_6_11/RAMB/CLK is not reached by a timing clock
Related violations: <none>

TIMING-17#92 Critical Warning
Non-clocked sequential cell  
The clock pin sfr_reg_r2_0_31_6_11/RAMB_D1/CLK is not reached by a timing clock
Related violations: <none>

TIMING-17#93 Critical Warning
Non-clocked sequential cell  
The clock pin sfr_reg_r2_0_31_6_11/RAMC/CLK is not reached by a timing clock
Related violations: <none>

TIMING-17#94 Critical Warning
Non-clocked sequential cell  
The clock pin sfr_reg_r2_0_31_6_11/RAMC_D1/CLK is not reached by a timing clock
Related violations: <none>

TIMING-17#95 Critical Warning
Non-clocked sequential cell  
The clock pin sfr_reg_r2_0_31_6_11/RAMD/CLK is not reached by a timing clock
Related violations: <none>

TIMING-17#96 Critical Warning
Non-clocked sequential cell  
The clock pin sfr_reg_r2_0_31_6_11/RAMD_D1/CLK is not reached by a timing clock
Related violations: <none>


