
main.elf:     file format elf32-littleriscv
main.elf
architecture: riscv:rv32, flags 0x00000112:
EXEC_P, HAS_SYMS, D_PAGED
start address 0x00000018

Program Header:
    LOAD off    0x00001018 vaddr 0x00000018 paddr 0x00000018 align 2**12
         filesz 0x00000144 memsz 0x00000144 flags r-x

Sections:
Idx Name              Size      VMA       LMA       File off  Algn  Flags
  0 .text             00000144  00000018  00000018  00001018  2**2  CONTENTS, ALLOC, LOAD, READONLY, CODE
  1 .riscv.attributes 0000001c  00000000  00000000  0000115c  2**0  CONTENTS, READONLY
  2 .comment          00000012  00000000  00000000  00001178  2**0  CONTENTS, READONLY
SYMBOL TABLE:
00000018 l    d  .text	00000000 .text
00000000 l    d  .riscv.attributes	00000000 .riscv.attributes
00000000 l    d  .comment	00000000 .comment
00000000 l    df *ABS*	00000000 start.o
00000020 l       .text	00000000 here
00000000 l    df *ABS*	00000000 main.c
0000012c g     F .text	00000030 led
00000018 g       .text	00000000 _start
00000024 g     F .text	00000108 main



Disassembly of section .text:

00000018 <_start>:
_start():
  18:	07c00113          	li	sp,124
  1c:	008000ef          	jal	ra,24 <main>

00000020 <here>:
here():
  20:	0000006f          	j	20 <here>

00000024 <main>:
main():
  24:	fd810113          	addi	sp,sp,-40
  28:	02112223          	sw	ra,36(sp)
  2c:	02812023          	sw	s0,32(sp)
  30:	02810413          	addi	s0,sp,40
  34:	07000793          	li	a5,112
  38:	fef42423          	sw	a5,-24(s0)
  3c:	07400793          	li	a5,116
  40:	fef42223          	sw	a5,-28(s0)
  44:	07800793          	li	a5,120
  48:	fef42023          	sw	a5,-32(s0)
  4c:	fe842783          	lw	a5,-24(s0)
  50:	00500713          	li	a4,5
  54:	00e7a023          	sw	a4,0(a5)
  58:	fe442783          	lw	a5,-28(s0)
  5c:	00a00713          	li	a4,10
  60:	00e7a023          	sw	a4,0(a5)
  64:	fe842783          	lw	a5,-24(s0)
  68:	0007a703          	lw	a4,0(a5)
  6c:	fe442783          	lw	a5,-28(s0)
  70:	0007a783          	lw	a5,0(a5)
  74:	00f70733          	add	a4,a4,a5
  78:	fe042783          	lw	a5,-32(s0)
  7c:	00e7a023          	sw	a4,0(a5)
  80:	000017b7          	lui	a5,0x1
  84:	00178793          	addi	a5,a5,1 # 1001 <led+0xed5>
  88:	fcf42e23          	sw	a5,-36(s0)
  8c:	fdc42783          	lw	a5,-36(s0)
  90:	08600713          	li	a4,134
  94:	00e7a023          	sw	a4,0(a5)
  98:	fe042a23          	sw	zero,-12(s0)
  9c:	0100006f          	j	ac <main+0x88>
  a0:	ff442783          	lw	a5,-12(s0)
  a4:	00178793          	addi	a5,a5,1
  a8:	fef42a23          	sw	a5,-12(s0)
  ac:	ff442703          	lw	a4,-12(s0)
  b0:	000317b7          	lui	a5,0x31
  b4:	d3f78793          	addi	a5,a5,-705 # 30d3f <led+0x30c13>
  b8:	fee7d4e3          	bge	a5,a4,a0 <main+0x7c>
  bc:	04500593          	li	a1,69
  c0:	fdc42503          	lw	a0,-36(s0)
  c4:	068000ef          	jal	ra,12c <led>
  c8:	fe042823          	sw	zero,-16(s0)
  cc:	0100006f          	j	dc <main+0xb8>
  d0:	ff042783          	lw	a5,-16(s0)
  d4:	00178793          	addi	a5,a5,1
  d8:	fef42823          	sw	a5,-16(s0)
  dc:	ff042703          	lw	a4,-16(s0)
  e0:	000497b7          	lui	a5,0x49
  e4:	3df78793          	addi	a5,a5,991 # 493df <led+0x492b3>
  e8:	fee7d4e3          	bge	a5,a4,d0 <main+0xac>
  ec:	07600593          	li	a1,118
  f0:	fdc42503          	lw	a0,-36(s0)
  f4:	038000ef          	jal	ra,12c <led>
  f8:	fe042623          	sw	zero,-20(s0)
  fc:	0100006f          	j	10c <main+0xe8>
 100:	fec42783          	lw	a5,-20(s0)
 104:	00178793          	addi	a5,a5,1
 108:	fef42623          	sw	a5,-20(s0)
 10c:	fec42703          	lw	a4,-20(s0)
 110:	000317b7          	lui	a5,0x31
 114:	d3f78793          	addi	a5,a5,-705 # 30d3f <led+0x30c13>
 118:	fee7d4e3          	bge	a5,a4,100 <main+0xdc>
 11c:	0e300593          	li	a1,227
 120:	fdc42503          	lw	a0,-36(s0)
 124:	008000ef          	jal	ra,12c <led>
 128:	f71ff06f          	j	98 <main+0x74>

0000012c <led>:
led():
 12c:	ff010113          	addi	sp,sp,-16
 130:	00812623          	sw	s0,12(sp)
 134:	01010413          	addi	s0,sp,16
 138:	fea42a23          	sw	a0,-12(s0)
 13c:	feb42823          	sw	a1,-16(s0)
 140:	ff442783          	lw	a5,-12(s0)
 144:	ff042703          	lw	a4,-16(s0)
 148:	00e7a023          	sw	a4,0(a5)
 14c:	00000013          	nop
 150:	00c12403          	lw	s0,12(sp)
 154:	01010113          	addi	sp,sp,16
 158:	00008067          	ret
