
build/main.elf:     file format elf32-littleriscv
build/main.elf
architecture: riscv:rv32, flags 0x00000112:
EXEC_P, HAS_SYMS, D_PAGED
start address 0x00010018

Program Header:
    LOAD off    0x00001018 vaddr 0x00010018 paddr 0x00010018 align 2**12
         filesz 0x00000606 memsz 0x00000606 flags r-x

Sections:
Idx Name              Size      VMA       LMA       File off  Algn  Flags
  0 .text             00000594  00010018  00010018  00001018  2**2  CONTENTS, ALLOC, LOAD, READONLY, CODE
  1 .rodata           00000072  000105ac  000105ac  000015ac  2**2  CONTENTS, ALLOC, LOAD, READONLY, DATA
  2 .riscv.attributes 00000020  00000000  00000000  0000161e  2**0  CONTENTS, READONLY
  3 .comment          00000012  00000000  00000000  0000163e  2**0  CONTENTS, READONLY
SYMBOL TABLE:
00010018 l    d  .text	00000000 .text
000105ac l    d  .rodata	00000000 .rodata
00000000 l    d  .riscv.attributes	00000000 .riscv.attributes
00000000 l    d  .comment	00000000 .comment
00000000 l    df *ABS*	00000000 build/start.o
000100ec l       .text	00000000 here
000100f4 l       .text	00000000 _exception_entry
00010188 l       .text	00000000 _exception_return
00000000 l    df *ABS*	00000000 main.c
00010318 g     F .text	00000074 uart_print
000102e8 g     F .text	00000030 uart_tx
00010554 g     F .text	00000030 led
0001020c g     F .text	0000003c uart_init
00010018 g       .text	00000000 _start
000102c0 g     F .text	00000028 uart_rx
000103f4 g     F .text	00000160 main
0001038c g     F .text	00000068 wait_ms
00010248 g     F .text	00000040 uart_data_ready
00010288 g     F .text	00000038 uart_set_baud
00010584 g     F .text	00000028 exception_handler



Disassembly of section .text:

00010018 <_start>:
_start():
   10018:	00800137          	lui	sp,0x800
   1001c:	1fc10113          	addi	sp,sp,508 # 8001fc <exception_handler+0x7efc78>
   10020:	0d000713          	li	a4,208
   10024:	00170713          	addi	a4,a4,1
   10028:	0c000093          	li	ra,192
   1002c:	00e12023          	sw	a4,0(sp)
   10030:	00012783          	lw	a5,0(sp)
   10034:	00178793          	addi	a5,a5,1
   10038:	fef12e23          	sw	a5,-4(sp)
   1003c:	ffc12703          	lw	a4,-4(sp)
   10040:	fee12c23          	sw	a4,-8(sp)
   10044:	fc810113          	addi	sp,sp,-56
   10048:	02112a23          	sw	ra,52(sp)
   1004c:	02112823          	sw	ra,48(sp)
   10050:	02e12623          	sw	a4,44(sp)
   10054:	03810413          	addi	s0,sp,56
   10058:	fc840793          	addi	a5,s0,-56
   1005c:	fef42023          	sw	a5,-32(s0)
   10060:	fcc40793          	addi	a5,s0,-52
   10064:	020207b7          	lui	a5,0x2020
   10068:	20278793          	addi	a5,a5,514 # 2020202 <exception_handler+0x200fc7e>
   1006c:	02f12423          	sw	a5,40(sp)
   10070:	030307b7          	lui	a5,0x3030
   10074:	30378793          	addi	a5,a5,771 # 3030303 <exception_handler+0x301fd7f>
   10078:	02f11423          	sh	a5,40(sp)
   1007c:	040407b7          	lui	a5,0x4040
   10080:	40478793          	addi	a5,a5,1028 # 4040404 <exception_handler+0x402fe80>
   10084:	02f10423          	sb	a5,40(sp)
   10088:	02814783          	lbu	a5,40(sp)
   1008c:	02815783          	lhu	a5,40(sp)
   10090:	02812783          	lw	a5,40(sp)
   10094:	123457b7          	lui	a5,0x12345
   10098:	67878793          	addi	a5,a5,1656 # 12345678 <exception_handler+0x123350f4>
   1009c:	00f00813          	li	a6,15
   100a0:	0f07f713          	andi	a4,a5,240
   100a4:	0107f733          	and	a4,a5,a6
   100a8:	00000013          	nop
   100ac:	00000013          	nop
   100b0:	00000013          	nop
   100b4:	00000013          	nop
   100b8:	00000013          	nop
   100bc:	00000013          	nop
   100c0:	00000013          	nop
   100c4:	00000013          	nop
   100c8:	00000013          	nop
   100cc:	00000013          	nop
   100d0:	00000013          	nop
   100d4:	00000013          	nop
   100d8:	00000013          	nop
   100dc:	00000013          	nop
   100e0:	00000013          	nop
   100e4:	00000013          	nop
   100e8:	30c000ef          	jal	ra,103f4 <main>

000100ec <here>:
here():
   100ec:	0000006f          	j	100ec <here>
   100f0:	ffdff06f          	j	100ec <here>

000100f4 <_exception_entry>:
_exception_entry():
   100f4:	f8010113          	addi	sp,sp,-128
   100f8:	00012023          	sw	zero,0(sp)
   100fc:	00112223          	sw	ra,4(sp)
   10100:	00212423          	sw	sp,8(sp)
   10104:	00312623          	sw	gp,12(sp)
   10108:	00412823          	sw	tp,16(sp)
   1010c:	00512a23          	sw	t0,20(sp)
   10110:	00612c23          	sw	t1,24(sp)
   10114:	00712e23          	sw	t2,28(sp)
   10118:	02812023          	sw	s0,32(sp)
   1011c:	02912223          	sw	s1,36(sp)
   10120:	02a12423          	sw	a0,40(sp)
   10124:	02b12623          	sw	a1,44(sp)
   10128:	02c12823          	sw	a2,48(sp)
   1012c:	02d12a23          	sw	a3,52(sp)
   10130:	02e12c23          	sw	a4,56(sp)
   10134:	02f12e23          	sw	a5,60(sp)
   10138:	05012023          	sw	a6,64(sp)
   1013c:	05112223          	sw	a7,68(sp)
   10140:	05212423          	sw	s2,72(sp)
   10144:	05312623          	sw	s3,76(sp)
   10148:	05412823          	sw	s4,80(sp)
   1014c:	05512a23          	sw	s5,84(sp)
   10150:	05612c23          	sw	s6,88(sp)
   10154:	05712e23          	sw	s7,92(sp)
   10158:	07812023          	sw	s8,96(sp)
   1015c:	07912223          	sw	s9,100(sp)
   10160:	07a12423          	sw	s10,104(sp)
   10164:	07b12623          	sw	s11,108(sp)
   10168:	07c12823          	sw	t3,112(sp)
   1016c:	07d12a23          	sw	t4,116(sp)
   10170:	07e12c23          	sw	t5,120(sp)
   10174:	07f12e23          	sw	t6,124(sp)
   10178:	34202573          	csrr	a0,mcause
   1017c:	341025f3          	csrr	a1,mepc
   10180:	00010613          	mv	a2,sp
   10184:	400000ef          	jal	ra,10584 <exception_handler>

00010188 <_exception_return>:
_exception_return():
   10188:	00012003          	lw	zero,0(sp)
   1018c:	00412083          	lw	ra,4(sp)
   10190:	00c12183          	lw	gp,12(sp)
   10194:	01012203          	lw	tp,16(sp)
   10198:	01412283          	lw	t0,20(sp)
   1019c:	01812303          	lw	t1,24(sp)
   101a0:	01c12383          	lw	t2,28(sp)
   101a4:	02012403          	lw	s0,32(sp)
   101a8:	02412483          	lw	s1,36(sp)
   101ac:	02812503          	lw	a0,40(sp)
   101b0:	02c12583          	lw	a1,44(sp)
   101b4:	03012603          	lw	a2,48(sp)
   101b8:	03412683          	lw	a3,52(sp)
   101bc:	03812703          	lw	a4,56(sp)
   101c0:	03c12783          	lw	a5,60(sp)
   101c4:	04012803          	lw	a6,64(sp)
   101c8:	04412883          	lw	a7,68(sp)
   101cc:	04812903          	lw	s2,72(sp)
   101d0:	04c12983          	lw	s3,76(sp)
   101d4:	05012a03          	lw	s4,80(sp)
   101d8:	05412a83          	lw	s5,84(sp)
   101dc:	05812b03          	lw	s6,88(sp)
   101e0:	05c12b83          	lw	s7,92(sp)
   101e4:	06012c03          	lw	s8,96(sp)
   101e8:	06412c83          	lw	s9,100(sp)
   101ec:	06812d03          	lw	s10,104(sp)
   101f0:	06c12d83          	lw	s11,108(sp)
   101f4:	07012e03          	lw	t3,112(sp)
   101f8:	07412e83          	lw	t4,116(sp)
   101fc:	07812f03          	lw	t5,120(sp)
   10200:	07c12f83          	lw	t6,124(sp)
   10204:	08010113          	addi	sp,sp,128
   10208:	30200073          	mret

0001020c <uart_init>:
uart_init():
   1020c:	ff010113          	addi	sp,sp,-16
   10210:	00812623          	sw	s0,12(sp)
   10214:	01010413          	addi	s0,sp,16
   10218:	fea42a23          	sw	a0,-12(s0)
   1021c:	ff442703          	lw	a4,-12(s0)
   10220:	00100793          	li	a5,1
   10224:	00f71863          	bne	a4,a5,10234 <uart_init+0x28>
   10228:	001007b7          	lui	a5,0x100
   1022c:	10078793          	addi	a5,a5,256 # 100100 <exception_handler+0xefb7c>
   10230:	0080006f          	j	10238 <uart_init+0x2c>
   10234:	00000793          	li	a5,0
   10238:	00078513          	mv	a0,a5
   1023c:	00c12403          	lw	s0,12(sp)
   10240:	01010113          	addi	sp,sp,16
   10244:	00008067          	ret

00010248 <uart_data_ready>:
uart_data_ready():
   10248:	ff010113          	addi	sp,sp,-16
   1024c:	00812623          	sw	s0,12(sp)
   10250:	01010413          	addi	s0,sp,16
   10254:	fea42a23          	sw	a0,-12(s0)
   10258:	ff442783          	lw	a5,-12(s0)
   1025c:	00878793          	addi	a5,a5,8
   10260:	0007a783          	lw	a5,0(a5)
   10264:	0017f793          	andi	a5,a5,1
   10268:	00078663          	beqz	a5,10274 <uart_data_ready+0x2c>
   1026c:	00000793          	li	a5,0
   10270:	0080006f          	j	10278 <uart_data_ready+0x30>
   10274:	00100793          	li	a5,1
   10278:	00078513          	mv	a0,a5
   1027c:	00c12403          	lw	s0,12(sp)
   10280:	01010113          	addi	sp,sp,16
   10284:	00008067          	ret

00010288 <uart_set_baud>:
uart_set_baud():
   10288:	fe810113          	addi	sp,sp,-24
   1028c:	00812a23          	sw	s0,20(sp)
   10290:	01810413          	addi	s0,sp,24
   10294:	fea42a23          	sw	a0,-12(s0)
   10298:	feb42823          	sw	a1,-16(s0)
   1029c:	fec42623          	sw	a2,-20(s0)
   102a0:	ff442783          	lw	a5,-12(s0)
   102a4:	00c78793          	addi	a5,a5,12
   102a8:	01b00713          	li	a4,27
   102ac:	00e7a023          	sw	a4,0(a5)
   102b0:	00000013          	nop
   102b4:	01412403          	lw	s0,20(sp)
   102b8:	01810113          	addi	sp,sp,24
   102bc:	00008067          	ret

000102c0 <uart_rx>:
uart_rx():
   102c0:	ff010113          	addi	sp,sp,-16
   102c4:	00812623          	sw	s0,12(sp)
   102c8:	01010413          	addi	s0,sp,16
   102cc:	fea42a23          	sw	a0,-12(s0)
   102d0:	ff442783          	lw	a5,-12(s0)
   102d4:	0047a783          	lw	a5,4(a5)
   102d8:	00078513          	mv	a0,a5
   102dc:	00c12403          	lw	s0,12(sp)
   102e0:	01010113          	addi	sp,sp,16
   102e4:	00008067          	ret

000102e8 <uart_tx>:
uart_tx():
   102e8:	ff010113          	addi	sp,sp,-16
   102ec:	00812623          	sw	s0,12(sp)
   102f0:	01010413          	addi	s0,sp,16
   102f4:	fea42a23          	sw	a0,-12(s0)
   102f8:	feb42823          	sw	a1,-16(s0)
   102fc:	ff442783          	lw	a5,-12(s0)
   10300:	ff042703          	lw	a4,-16(s0)
   10304:	00e7a023          	sw	a4,0(a5)
   10308:	00000013          	nop
   1030c:	00c12403          	lw	s0,12(sp)
   10310:	01010113          	addi	sp,sp,16
   10314:	00008067          	ret

00010318 <uart_print>:
uart_print():
   10318:	fe810113          	addi	sp,sp,-24
   1031c:	00112a23          	sw	ra,20(sp)
   10320:	00812823          	sw	s0,16(sp)
   10324:	01810413          	addi	s0,sp,24
   10328:	fea42623          	sw	a0,-20(s0)
   1032c:	feb42423          	sw	a1,-24(s0)
   10330:	fe042a23          	sw	zero,-12(s0)
   10334:	02c0006f          	j	10360 <uart_print+0x48>
   10338:	ff442783          	lw	a5,-12(s0)
   1033c:	fe842703          	lw	a4,-24(s0)
   10340:	00f707b3          	add	a5,a4,a5
   10344:	0007c783          	lbu	a5,0(a5)
   10348:	00078593          	mv	a1,a5
   1034c:	fec42503          	lw	a0,-20(s0)
   10350:	f99ff0ef          	jal	ra,102e8 <uart_tx>
   10354:	ff442783          	lw	a5,-12(s0)
   10358:	00178793          	addi	a5,a5,1
   1035c:	fef42a23          	sw	a5,-12(s0)
   10360:	ff442783          	lw	a5,-12(s0)
   10364:	fe842703          	lw	a4,-24(s0)
   10368:	00f707b3          	add	a5,a4,a5
   1036c:	0007c783          	lbu	a5,0(a5)
   10370:	fc0794e3          	bnez	a5,10338 <uart_print+0x20>
   10374:	00000013          	nop
   10378:	00000013          	nop
   1037c:	01412083          	lw	ra,20(sp)
   10380:	01012403          	lw	s0,16(sp)
   10384:	01810113          	addi	sp,sp,24
   10388:	00008067          	ret

0001038c <wait_ms>:
wait_ms():
   1038c:	fe810113          	addi	sp,sp,-24
   10390:	00812a23          	sw	s0,20(sp)
   10394:	01810413          	addi	s0,sp,24
   10398:	fea42623          	sw	a0,-20(s0)
   1039c:	fe042a23          	sw	zero,-12(s0)
   103a0:	0340006f          	j	103d4 <wait_ms+0x48>
   103a4:	fe042823          	sw	zero,-16(s0)
   103a8:	0100006f          	j	103b8 <wait_ms+0x2c>
   103ac:	ff042783          	lw	a5,-16(s0)
   103b0:	00178793          	addi	a5,a5,1
   103b4:	fef42823          	sw	a5,-16(s0)
   103b8:	ff042703          	lw	a4,-16(s0)
   103bc:	000017b7          	lui	a5,0x1
   103c0:	38778793          	addi	a5,a5,903 # 1387 <_start-0xec91>
   103c4:	fee7d4e3          	bge	a5,a4,103ac <wait_ms+0x20>
   103c8:	ff442783          	lw	a5,-12(s0)
   103cc:	00178793          	addi	a5,a5,1
   103d0:	fef42a23          	sw	a5,-12(s0)
   103d4:	ff442703          	lw	a4,-12(s0)
   103d8:	fec42783          	lw	a5,-20(s0)
   103dc:	fcf744e3          	blt	a4,a5,103a4 <wait_ms+0x18>
   103e0:	00000013          	nop
   103e4:	00000013          	nop
   103e8:	01412403          	lw	s0,20(sp)
   103ec:	01810113          	addi	sp,sp,24
   103f0:	00008067          	ret

000103f4 <main>:
main():
   103f4:	fc810113          	addi	sp,sp,-56
   103f8:	02112a23          	sw	ra,52(sp)
   103fc:	02812823          	sw	s0,48(sp)
   10400:	02912623          	sw	s1,44(sp)
   10404:	03810413          	addi	s0,sp,56
   10408:	fcc40793          	addi	a5,s0,-52
   1040c:	fef42623          	sw	a5,-20(s0)
   10410:	fd040793          	addi	a5,s0,-48
   10414:	fef42423          	sw	a5,-24(s0)
   10418:	fd440793          	addi	a5,s0,-44
   1041c:	fef42223          	sw	a5,-28(s0)
   10420:	fec42783          	lw	a5,-20(s0)
   10424:	00500713          	li	a4,5
   10428:	00e7a023          	sw	a4,0(a5)
   1042c:	fe842783          	lw	a5,-24(s0)
   10430:	ff600713          	li	a4,-10
   10434:	00e7a023          	sw	a4,0(a5)
   10438:	fec42783          	lw	a5,-20(s0)
   1043c:	0007a703          	lw	a4,0(a5)
   10440:	fe842783          	lw	a5,-24(s0)
   10444:	0007a783          	lw	a5,0(a5)
   10448:	40f70733          	sub	a4,a4,a5
   1044c:	fe442783          	lw	a5,-28(s0)
   10450:	00e7a023          	sw	a4,0(a5)
   10454:	001007b7          	lui	a5,0x100
   10458:	00178793          	addi	a5,a5,1 # 100001 <exception_handler+0xefa7d>
   1045c:	fef42023          	sw	a5,-32(s0)
   10460:	00100513          	li	a0,1
   10464:	da9ff0ef          	jal	ra,1020c <uart_init>
   10468:	fca42e23          	sw	a0,-36(s0)
   1046c:	02faf7b7          	lui	a5,0x2faf
   10470:	08078613          	addi	a2,a5,128 # 2faf080 <exception_handler+0x2f9eafc>
   10474:	000027b7          	lui	a5,0x2
   10478:	58078593          	addi	a1,a5,1408 # 2580 <_start-0xda98>
   1047c:	fdc42503          	lw	a0,-36(s0)
   10480:	e09ff0ef          	jal	ra,10288 <uart_set_baud>
   10484:	08600493          	li	s1,134
   10488:	08400093          	li	ra,132
   1048c:	3044a073          	csrs	mie,s1
   10490:	3040b073          	csrc	mie,ra
   10494:	fe042783          	lw	a5,-32(s0)
   10498:	08600713          	li	a4,134
   1049c:	00e7a023          	sw	a4,0(a5)
   104a0:	08600593          	li	a1,134
   104a4:	fe042503          	lw	a0,-32(s0)
   104a8:	0ac000ef          	jal	ra,10554 <led>
   104ac:	000107b7          	lui	a5,0x10
   104b0:	5ac78593          	addi	a1,a5,1452 # 105ac <exception_handler+0x28>
   104b4:	fdc42503          	lw	a0,-36(s0)
   104b8:	e61ff0ef          	jal	ra,10318 <uart_print>
   104bc:	00a00513          	li	a0,10
   104c0:	ecdff0ef          	jal	ra,1038c <wait_ms>
   104c4:	000107b7          	lui	a5,0x10
   104c8:	5c478593          	addi	a1,a5,1476 # 105c4 <exception_handler+0x40>
   104cc:	fdc42503          	lw	a0,-36(s0)
   104d0:	e49ff0ef          	jal	ra,10318 <uart_print>
   104d4:	00a00513          	li	a0,10
   104d8:	eb5ff0ef          	jal	ra,1038c <wait_ms>
   104dc:	000107b7          	lui	a5,0x10
   104e0:	5dc78593          	addi	a1,a5,1500 # 105dc <exception_handler+0x58>
   104e4:	fdc42503          	lw	a0,-36(s0)
   104e8:	e31ff0ef          	jal	ra,10318 <uart_print>
   104ec:	00a00513          	li	a0,10
   104f0:	e9dff0ef          	jal	ra,1038c <wait_ms>
   104f4:	000107b7          	lui	a5,0x10
   104f8:	5f478593          	addi	a1,a5,1524 # 105f4 <exception_handler+0x70>
   104fc:	fdc42503          	lw	a0,-36(s0)
   10500:	e19ff0ef          	jal	ra,10318 <uart_print>
   10504:	00a00513          	li	a0,10
   10508:	e85ff0ef          	jal	ra,1038c <wait_ms>
   1050c:	000107b7          	lui	a5,0x10
   10510:	60c78593          	addi	a1,a5,1548 # 1060c <exception_handler+0x88>
   10514:	fdc42503          	lw	a0,-36(s0)
   10518:	e01ff0ef          	jal	ra,10318 <uart_print>
   1051c:	00a00513          	li	a0,10
   10520:	e6dff0ef          	jal	ra,1038c <wait_ms>
   10524:	fdc42503          	lw	a0,-36(s0)
   10528:	d21ff0ef          	jal	ra,10248 <uart_data_ready>
   1052c:	00050713          	mv	a4,a0
   10530:	00100793          	li	a5,1
   10534:	fef718e3          	bne	a4,a5,10524 <main+0x130>
   10538:	fdc42503          	lw	a0,-36(s0)
   1053c:	d85ff0ef          	jal	ra,102c0 <uart_rx>
   10540:	fca42c23          	sw	a0,-40(s0)
   10544:	fd842583          	lw	a1,-40(s0)
   10548:	fdc42503          	lw	a0,-36(s0)
   1054c:	d9dff0ef          	jal	ra,102e8 <uart_tx>
   10550:	fd5ff06f          	j	10524 <main+0x130>

00010554 <led>:
led():
   10554:	ff010113          	addi	sp,sp,-16
   10558:	00812623          	sw	s0,12(sp)
   1055c:	01010413          	addi	s0,sp,16
   10560:	fea42a23          	sw	a0,-12(s0)
   10564:	feb42823          	sw	a1,-16(s0)
   10568:	ff442783          	lw	a5,-12(s0)
   1056c:	ff042703          	lw	a4,-16(s0)
   10570:	00e7a023          	sw	a4,0(a5)
   10574:	00000013          	nop
   10578:	00c12403          	lw	s0,12(sp)
   1057c:	01010113          	addi	sp,sp,16
   10580:	00008067          	ret

00010584 <exception_handler>:
exception_handler():
   10584:	fe810113          	addi	sp,sp,-24
   10588:	00812a23          	sw	s0,20(sp)
   1058c:	01810413          	addi	s0,sp,24
   10590:	fea42a23          	sw	a0,-12(s0)
   10594:	feb42823          	sw	a1,-16(s0)
   10598:	fec42623          	sw	a2,-20(s0)
   1059c:	00000013          	nop
   105a0:	01412403          	lw	s0,20(sp)
   105a4:	01810113          	addi	sp,sp,24
   105a8:	00008067          	ret
